ARM GAS  C:\Users\jon\AppData\Local\Temp\cca4a8j4.s 			page 1


   1              		.syntax unified
   2              		.cpu cortex-m0
   3              		.fpu softvfp
   4              		.eabi_attribute 20, 1
   5              		.eabi_attribute 21, 1
   6              		.eabi_attribute 23, 3
   7              		.eabi_attribute 24, 1
   8              		.eabi_attribute 25, 1
   9              		.eabi_attribute 26, 1
  10              		.eabi_attribute 30, 1
  11              		.eabi_attribute 34, 0
  12              		.eabi_attribute 18, 4
  13              		.thumb
  14              		.syntax unified
  15              		.file	"main.c"
  16              		.text
  17              	.Ltext0:
  18              		.cfi_sections	.debug_frame
  19              		.section	.text.updateGATTDB,"ax",%progbits
  20              		.align	2
  21              		.global	updateGATTDB
  22              		.code	16
  23              		.thumb_func
  24              		.type	updateGATTDB, %function
  25              	updateGATTDB:
  26              	.LFB36:
  27              		.file 1 "main.c"
   1:main.c        **** /**
   2:main.c        ****  * One-Way Communication demo server for PSoC 4 BLE.
   3:main.c        ****  *
   4:main.c        ****  * Pressing SW2 on the server Pioneer Kit base board should cause
   5:main.c        ****  * the red LED to illuminate on the client Pioneer Kit base board. 
   6:main.c        ****  * The red LED on the server will blink while the system is active.
   7:main.c        ****  * 
   8:main.c        ****  * by Jonathan Bush
   9:main.c        ****  * Arizona State University
  10:main.c        ****  * 2018.11.20
  11:main.c        ****  *
  12:main.c        ****  * with assistance from Alia Gilbert
  13:main.c        ****  * 
  14:main.c        ****  * Based on BluetoothCommunication by Harsha Kadekar
  15:main.c        ****  * https://github.com/harsha-kadekar/BluetoothCommunication
  16:main.c        ****  *
  17:main.c        ****  * Released under the Apache License 2.0
  18:main.c        ****  */
  19:main.c        **** 
  20:main.c        **** #include "project.h"
  21:main.c        **** #include "main.h"
  22:main.c        **** #include "cyapicallbacks.h"
  23:main.c        **** 
  24:main.c        **** /* Notes:
  25:main.c        ****    Switch_2 should be pull up resistor
  26:main.c        ****    LED should be open drain drives low
  27:main.c        ****    Match all names and numbers BLE Profiles 
  28:main.c        ****    Match GAP public address to peripheral address code 
  29:main.c        **** */
  30:main.c        **** 
ARM GAS  C:\Users\jon\AppData\Local\Temp\cca4a8j4.s 			page 2


  31:main.c        **** /* this is the button state that we want the client to read */
  32:main.c        **** uint8 button_state;
  33:main.c        **** 
  34:main.c        **** /*
  35:main.c        **** Name: updateGATTDB
  36:main.c        **** Description: This function will update Server's GATTDB so that client can read the values
  37:main.c        ****              Here I am converting my counter value to RGB value and storing as 3 byte array
  38:main.c        ****              in server's GATT DB. Whenever client do a read on server, the values in GATTDB
  39:main.c        ****              will be sent to client.
  40:main.c        ****             
  41:main.c        **** Parameters: counter - Number of times button has been pressed or value to be sent to client
  42:main.c        **** Return: - 
  43:main.c        **** */
  44:main.c        **** void updateGATTDB()
  45:main.c        **** {
  28              		.loc 1 45 0
  29              		.cfi_startproc
  30              		@ args = 0, pretend = 0, frame = 16
  31              		@ frame_needed = 0, uses_anonymous_args = 0
  32 0000 00B5     		push	{lr}
  33              		.cfi_def_cfa_offset 4
  34              		.cfi_offset 14, -4
  35 0002 85B0     		sub	sp, sp, #20
  36              		.cfi_def_cfa_offset 24
  46:main.c        ****     
  47:main.c        ****     CYBLE_GATT_HANDLE_VALUE_PAIR_T		TransmitDataHandle; //This describes the data to be sent to cli
  48:main.c        ****     
  49:main.c        ****     union ServerBytes Data;              //This is the data to be stored in DB    
  50:main.c        ****     
  51:main.c        ****     //Put that calculated value to the Server DB datastructure.
  52:main.c        ****     Data.values[0] = button_state;
  37              		.loc 1 52 0
  38 0004 094B     		ldr	r3, .L2
  39 0006 1B78     		ldrb	r3, [r3]
  40 0008 6A46     		mov	r2, sp
  41 000a 1370     		strb	r3, [r2]
  53:main.c        **** 
  54:main.c        ****     //Before committing the value to GATTDB, process any previous
  55:main.c        ****     //bluetooth signals.
  56:main.c        ****     CyBle_ProcessEvents();
  42              		.loc 1 56 0
  43 000c FFF7FEFF 		bl	CyBle_ProcessEvents
  44              	.LVL0:
  57:main.c        ****     
  58:main.c        ****     TransmitDataHandle.attrHandle = 0x000Eu;          //CYBLE_CUSTOMSERVICE_TRANSMITDATA_CHAR_HANDL
  45              		.loc 1 58 0
  46 0010 01A8     		add	r0, sp, #4
  47 0012 0E23     		movs	r3, #14
  48 0014 0381     		strh	r3, [r0, #8]
  59:main.c        ****     TransmitDataHandle.value.val = Data.bytes;        //Actual values to be stored
  49              		.loc 1 59 0
  50 0016 6B46     		mov	r3, sp
  51 0018 0193     		str	r3, [sp, #4]
  60:main.c        **** 	TransmitDataHandle.value.len = 3;                 //Number of bytes to be transferred or stored
  52              		.loc 1 60 0
  53 001a 0323     		movs	r3, #3
  54 001c 8380     		strh	r3, [r0, #4]
ARM GAS  C:\Users\jon\AppData\Local\Temp\cca4a8j4.s 			page 3


  61:main.c        ****     
  62:main.c        ****     //This function call will store the value to the Server GATTDB. 
  63:main.c        ****     // Any read requests from client after executing below function will 
  64:main.c        ****     // reflect the new values
  65:main.c        ****     CyBle_GattsWriteAttributeValue(&TransmitDataHandle, 
  55              		.loc 1 65 0
  56 001e 0023     		movs	r3, #0
  57 0020 034A     		ldr	r2, .L2+4
  58 0022 0021     		movs	r1, #0
  59 0024 FFF7FEFF 		bl	CyBle_GattsWriteAttributeValue
  60              	.LVL1:
  66:main.c        **** 									FALSE, 
  67:main.c        **** 									&cyBle_connHandle, 
  68:main.c        **** 									CYBLE_GATT_DB_LOCALLY_INITIATED);
  69:main.c        ****     
  70:main.c        **** }
  61              		.loc 1 70 0
  62 0028 05B0     		add	sp, sp, #20
  63              		@ sp needed
  64 002a 00BD     		pop	{pc}
  65              	.L3:
  66              		.align	2
  67              	.L2:
  68 002c 00000000 		.word	button_state
  69 0030 00000000 		.word	cyBle_connHandle
  70              		.cfi_endproc
  71              	.LFE36:
  72              		.size	updateGATTDB, .-updateGATTDB
  73              		.section	.text.BluetoothEventHandler,"ax",%progbits
  74              		.align	2
  75              		.global	BluetoothEventHandler
  76              		.code	16
  77              		.thumb_func
  78              		.type	BluetoothEventHandler, %function
  79              	BluetoothEventHandler:
  80              	.LFB37:
  71:main.c        **** 
  72:main.c        **** /*
  73:main.c        **** Name: BluetoothEventHandler
  74:main.c        **** Description: This function will handle all the incoming or outgoing BLUETOOH signals/events
  75:main.c        **** Parameters: event - Type of signal like bluetooth started, bluetooth connected to another device,
  76:main.c        ****                 disconnected from client, read request, write request, etc.
  77:main.c        ****         eventParams - information related to bluetooth event. Like if client wants to write
  78:main.c        ****                        values, then event will write event and eventParams will have data to be wri
  79:main.c        **** return: -
  80:main.c        **** 
  81:main.c        **** */
  82:main.c        **** void BluetoothEventHandler(uint32 event, void * eventParam)
  83:main.c        **** {
  81              		.loc 1 83 0
  82              		.cfi_startproc
  83              		@ args = 0, pretend = 0, frame = 0
  84              		@ frame_needed = 0, uses_anonymous_args = 0
  85              	.LVL2:
  86 0000 10B5     		push	{r4, lr}
  87              		.cfi_def_cfa_offset 8
  88              		.cfi_offset 4, -8
ARM GAS  C:\Users\jon\AppData\Local\Temp\cca4a8j4.s 			page 4


  89              		.cfi_offset 14, -4
  84:main.c        **** 	
  85:main.c        **** 	switch(event)
  90              		.loc 1 85 0
  91 0002 2628     		cmp	r0, #38
  92 0004 0CD0     		beq	.L6
  93 0006 02D8     		bhi	.L7
  94 0008 0128     		cmp	r0, #1
  95 000a 05D0     		beq	.L8
  96 000c 19E0     		b	.L4
  97              	.L7:
  98 000e 2828     		cmp	r0, #40
  99 0010 0ED0     		beq	.L9
 100 0012 4228     		cmp	r0, #66
 101 0014 10D0     		beq	.L10
 102 0016 14E0     		b	.L4
 103              	.L8:
  86:main.c        ****     {
  87:main.c        **** 		case CYBLE_EVT_STACK_ON:
  88:main.c        **** 			/* BLE stack is on. Start BLE advertisement */
  89:main.c        **** 			CyBle_GappStartAdvertisement(CYBLE_ADVERTISING_FAST);
 104              		.loc 1 89 0
 105 0018 0020     		movs	r0, #0
 106              	.LVL3:
 107 001a FFF7FEFF 		bl	CyBle_GappStartAdvertisement
 108              	.LVL4:
  90:main.c        **** 		break;
 109              		.loc 1 90 0
 110 001e 10E0     		b	.L4
 111              	.LVL5:
 112              	.L6:
  91:main.c        **** 		
  92:main.c        **** 		case CYBLE_EVT_GAPP_ADVERTISEMENT_START_STOP:
  93:main.c        **** 			/* This event is generated whenever Advertisement starts or stops.
  94:main.c        **** 			* The exact state of advertisement is obtained by CyBle_State() */
  95:main.c        **** 			if(CyBle_GetState() == CYBLE_STATE_DISCONNECTED)
 113              		.loc 1 95 0
 114 0020 084B     		ldr	r3, .L12
 115 0022 1B78     		ldrb	r3, [r3]
 116 0024 042B     		cmp	r3, #4
 117 0026 0CD1     		bne	.L4
  96:main.c        **** 			{
  97:main.c        **** 				CyBle_GappStartAdvertisement(CYBLE_ADVERTISING_FAST);
 118              		.loc 1 97 0
 119 0028 0020     		movs	r0, #0
 120              	.LVL6:
 121 002a FFF7FEFF 		bl	CyBle_GappStartAdvertisement
 122              	.LVL7:
  98:main.c        **** 			}
  99:main.c        ****             
 100:main.c        ****             if(CyBle_GetState() == CYBLE_STATE_CONNECTED)
 101:main.c        ****             {
 102:main.c        ****                 //An indication that devices are connected via bluetooth
 103:main.c        ****                 //Pin_Red_Write(HIGH);
 104:main.c        ****             }
 105:main.c        ****             
 106:main.c        **** 		break;
ARM GAS  C:\Users\jon\AppData\Local\Temp\cca4a8j4.s 			page 5


 123              		.loc 1 106 0
 124 002e 08E0     		b	.L4
 125              	.LVL8:
 126              	.L9:
 107:main.c        **** 			
 108:main.c        **** 		case CYBLE_EVT_GAP_DEVICE_DISCONNECTED:
 109:main.c        **** 			/* This event is generated at GAP disconnection. 
 110:main.c        **** 			* Restart advertisement */
 111:main.c        **** 			CyBle_GappStartAdvertisement(CYBLE_ADVERTISING_FAST);
 127              		.loc 1 111 0
 128 0030 0020     		movs	r0, #0
 129              	.LVL9:
 130 0032 FFF7FEFF 		bl	CyBle_GappStartAdvertisement
 131              	.LVL10:
 112:main.c        ****             //Pin_Red_Write(LOW);
 113:main.c        **** 		break;
 132              		.loc 1 113 0
 133 0036 04E0     		b	.L4
 134              	.LVL11:
 135              	.L10:
 114:main.c        **** 
 115:main.c        **** 			
 116:main.c        **** 	    case CYBLE_EVT_GATT_DISCONNECT_IND:
 117:main.c        **** 			/* This event is generated at GATT disconnection */
 118:main.c        **** 			
 119:main.c        ****             updateGATTDB();
 136              		.loc 1 119 0
 137 0038 FFF7FEFF 		bl	updateGATTDB
 138              	.LVL12:
 120:main.c        ****             //Pin_Red_Write(LOW);
 121:main.c        ****             //After reset, start advertisement - server available for connection with client
 122:main.c        ****             CyBle_GappStartAdvertisement(CYBLE_ADVERTISING_FAST);
 139              		.loc 1 122 0
 140 003c 0020     		movs	r0, #0
 141 003e FFF7FEFF 		bl	CyBle_GappStartAdvertisement
 142              	.LVL13:
 143              	.L4:
 123:main.c        ****             
 124:main.c        **** 		break;	
 125:main.c        **** 			
 126:main.c        ****         default:
 127:main.c        **** 
 128:main.c        ****        	break;
 129:main.c        ****     }   	
 130:main.c        **** }
 144              		.loc 1 130 0
 145              		@ sp needed
 146 0042 10BD     		pop	{r4, pc}
 147              	.L13:
 148              		.align	2
 149              	.L12:
 150 0044 00000000 		.word	cyBle_state
 151              		.cfi_endproc
 152              	.LFE37:
 153              		.size	BluetoothEventHandler, .-BluetoothEventHandler
 154              		.section	.text.InitializeSystem,"ax",%progbits
 155              		.align	2
ARM GAS  C:\Users\jon\AppData\Local\Temp\cca4a8j4.s 			page 6


 156              		.global	InitializeSystem
 157              		.code	16
 158              		.thumb_func
 159              		.type	InitializeSystem, %function
 160              	InitializeSystem:
 161              	.LFB38:
 131:main.c        **** 
 132:main.c        **** /*
 133:main.c        **** Name: InitializeSystem
 134:main.c        **** Description: This function will bring your system to ready state or initial state
 135:main.c        ****              Here we switch on components like bluetooth or UART, switch of LEDs
 136:main.c        ****              like that.
 137:main.c        **** Parameters: - 
 138:main.c        **** Return: - 
 139:main.c        **** */
 140:main.c        **** void InitializeSystem(void)
 141:main.c        **** {
 162              		.loc 1 141 0
 163              		.cfi_startproc
 164              		@ args = 0, pretend = 0, frame = 0
 165              		@ frame_needed = 0, uses_anonymous_args = 0
 166 0000 10B5     		push	{r4, lr}
 167              		.cfi_def_cfa_offset 8
 168              		.cfi_offset 4, -8
 169              		.cfi_offset 14, -4
 142:main.c        ****     CySysPmUnfreezeIo();
 170              		.loc 1 142 0
 171 0002 FFF7FEFF 		bl	CySysPmUnfreezeIo
 172              	.LVL14:
 143:main.c        ****     
 144:main.c        ****     button_state = 1;
 173              		.loc 1 144 0
 174 0006 0122     		movs	r2, #1
 175 0008 044B     		ldr	r3, .L15
 176 000a 1A70     		strb	r2, [r3]
 145:main.c        ****     
 146:main.c        **** 	/* Enable Global Interrupt Mask */
 147:main.c        **** 	CyGlobalIntEnable;		
 177              		.loc 1 147 0
 178              		.syntax divided
 179              	@ 147 "main.c" 1
 180 000c 62B6     		CPSIE   i
 181              	@ 0 "" 2
 148:main.c        **** 
 149:main.c        ****     //Start your bluetooth. GeneralEventHandler is the function which will your 
 150:main.c        ****     //bluetooth signals/events.
 151:main.c        **** 	CyBle_Start(BluetoothEventHandler);
 182              		.loc 1 151 0
 183              		.thumb
 184              		.syntax unified
 185 000e 0448     		ldr	r0, .L15+4
 186 0010 FFF7FEFF 		bl	CyBle_Start
 187              	.LVL15:
 152:main.c        ****     
 153:main.c        ****     //Setting the initial values of the Server GATT DB
 154:main.c        ****     updateGATTDB();
 188              		.loc 1 154 0
ARM GAS  C:\Users\jon\AppData\Local\Temp\cca4a8j4.s 			page 7


 189 0014 FFF7FEFF 		bl	updateGATTDB
 190              	.LVL16:
 155:main.c        ****  
 156:main.c        **** }
 191              		.loc 1 156 0
 192              		@ sp needed
 193 0018 10BD     		pop	{r4, pc}
 194              	.L16:
 195 001a C046     		.align	2
 196              	.L15:
 197 001c 00000000 		.word	button_state
 198 0020 00000000 		.word	BluetoothEventHandler
 199              		.cfi_endproc
 200              	.LFE38:
 201              		.size	InitializeSystem, .-InitializeSystem
 202              		.section	.text.main,"ax",%progbits
 203              		.align	2
 204              		.global	main
 205              		.code	16
 206              		.thumb_func
 207              		.type	main, %function
 208              	main:
 209              	.LFB39:
 157:main.c        **** 
 158:main.c        **** int main(void)
 159:main.c        **** {
 210              		.loc 1 159 0
 211              		.cfi_startproc
 212              		@ Volatile: function does not return.
 213              		@ args = 0, pretend = 0, frame = 0
 214              		@ frame_needed = 0, uses_anonymous_args = 0
 215 0000 10B5     		push	{r4, lr}
 216              		.cfi_def_cfa_offset 8
 217              		.cfi_offset 4, -8
 218              		.cfi_offset 14, -4
 160:main.c        ****     InitializeSystem(); /* initialization routine */
 219              		.loc 1 160 0
 220 0002 FFF7FEFF 		bl	InitializeSystem
 221              	.LVL17:
 222              	.L18:
 161:main.c        ****   
 162:main.c        ****     /* loop forever */
 163:main.c        ****     for(;;)
 164:main.c        ****     {        
 165:main.c        ****         CyBle_ProcessEvents(); /* process any pending BLE events first */
 223              		.loc 1 165 0 discriminator 1
 224 0006 FFF7FEFF 		bl	CyBle_ProcessEvents
 225              	.LVL18:
 166:main.c        ****     
 167:main.c        ****         button_state = Switch_2_Read(); /* read the current switch state */
 226              		.loc 1 167 0 discriminator 1
 227 000a FFF7FEFF 		bl	Switch_2_Read
 228              	.LVL19:
 229 000e 074B     		ldr	r3, .L19
 230 0010 1870     		strb	r0, [r3]
 168:main.c        ****         
 169:main.c        ****         updateGATTDB(); /* update the GATT DB so that the client can read the new switch state */
ARM GAS  C:\Users\jon\AppData\Local\Temp\cca4a8j4.s 			page 8


 231              		.loc 1 169 0 discriminator 1
 232 0012 FFF7FEFF 		bl	updateGATTDB
 233              	.LVL20:
 170:main.c        ****         
 171:main.c        ****         Pin_Red_Write(!Pin_Red_Read()); /* toggle the red LED */
 234              		.loc 1 171 0 discriminator 1
 235 0016 FFF7FEFF 		bl	Pin_Red_Read
 236              	.LVL21:
 237 001a 4342     		rsbs	r3, r0, #0
 238 001c 5841     		adcs	r0, r0, r3
 239 001e C0B2     		uxtb	r0, r0
 240 0020 FFF7FEFF 		bl	Pin_Red_Write
 241              	.LVL22:
 172:main.c        ****         
 173:main.c        ****         CyDelay(250);   /* wait a bit before checking again */
 242              		.loc 1 173 0 discriminator 1
 243 0024 FA20     		movs	r0, #250
 244 0026 FFF7FEFF 		bl	CyDelay
 245              	.LVL23:
 246 002a ECE7     		b	.L18
 247              	.L20:
 248              		.align	2
 249              	.L19:
 250 002c 00000000 		.word	button_state
 251              		.cfi_endproc
 252              	.LFE39:
 253              		.size	main, .-main
 254              		.comm	button_state,1,1
 255              		.text
 256              	.Letext0:
 257              		.file 2 "Generated_Source\\PSoC4/cytypes.h"
 258              		.file 3 "Generated_Source\\PSoC4/BLE_StackGatt.h"
 259              		.file 4 "Generated_Source\\PSoC4/BLE_Stack.h"
 260              		.file 5 "Generated_Source\\PSoC4/BLE_eventHandler.h"
 261              		.file 6 "main.h"
 262              		.file 7 "Generated_Source\\PSoC4/BLE_StackGattDb.h"
 263              		.file 8 "Generated_Source\\PSoC4/BLE.h"
 264              		.file 9 "Generated_Source\\PSoC4/cyPm.h"
 265              		.file 10 "Generated_Source\\PSoC4/Switch_2.h"
 266              		.file 11 "Generated_Source\\PSoC4/Pin_Red.h"
 267              		.file 12 "Generated_Source\\PSoC4/CyLib.h"
 268              		.section	.debug_info,"",%progbits
 269              	.Ldebug_info0:
 270 0000 92050000 		.4byte	0x592
 271 0004 0400     		.2byte	0x4
 272 0006 00000000 		.4byte	.Ldebug_abbrev0
 273 000a 04       		.byte	0x4
 274 000b 01       		.uleb128 0x1
 275 000c 52010000 		.4byte	.LASF124
 276 0010 0C       		.byte	0xc
 277 0011 31060000 		.4byte	.LASF125
 278 0015 7F090000 		.4byte	.LASF126
 279 0019 00000000 		.4byte	.Ldebug_ranges0+0
 280 001d 00000000 		.4byte	0
 281 0021 00000000 		.4byte	.Ldebug_line0
 282 0025 02       		.uleb128 0x2
 283 0026 01       		.byte	0x1
ARM GAS  C:\Users\jon\AppData\Local\Temp\cca4a8j4.s 			page 9


 284 0027 06       		.byte	0x6
 285 0028 F0020000 		.4byte	.LASF0
 286 002c 02       		.uleb128 0x2
 287 002d 01       		.byte	0x1
 288 002e 08       		.byte	0x8
 289 002f 0A090000 		.4byte	.LASF1
 290 0033 02       		.uleb128 0x2
 291 0034 02       		.byte	0x2
 292 0035 05       		.byte	0x5
 293 0036 54090000 		.4byte	.LASF2
 294 003a 02       		.uleb128 0x2
 295 003b 02       		.byte	0x2
 296 003c 07       		.byte	0x7
 297 003d 8D050000 		.4byte	.LASF3
 298 0041 02       		.uleb128 0x2
 299 0042 04       		.byte	0x4
 300 0043 05       		.byte	0x5
 301 0044 49010000 		.4byte	.LASF4
 302 0048 02       		.uleb128 0x2
 303 0049 04       		.byte	0x4
 304 004a 07       		.byte	0x7
 305 004b D1040000 		.4byte	.LASF5
 306 004f 02       		.uleb128 0x2
 307 0050 08       		.byte	0x8
 308 0051 05       		.byte	0x5
 309 0052 E2020000 		.4byte	.LASF6
 310 0056 02       		.uleb128 0x2
 311 0057 08       		.byte	0x8
 312 0058 07       		.byte	0x7
 313 0059 E0010000 		.4byte	.LASF7
 314 005d 03       		.uleb128 0x3
 315 005e 04       		.byte	0x4
 316 005f 05       		.byte	0x5
 317 0060 696E7400 		.ascii	"int\000"
 318 0064 02       		.uleb128 0x2
 319 0065 04       		.byte	0x4
 320 0066 07       		.byte	0x7
 321 0067 A5040000 		.4byte	.LASF8
 322 006b 04       		.uleb128 0x4
 323 006c C7030000 		.4byte	.LASF9
 324 0070 02       		.byte	0x2
 325 0071 E401     		.2byte	0x1e4
 326 0073 2C000000 		.4byte	0x2c
 327 0077 04       		.uleb128 0x4
 328 0078 18090000 		.4byte	.LASF10
 329 007c 02       		.byte	0x2
 330 007d E501     		.2byte	0x1e5
 331 007f 3A000000 		.4byte	0x3a
 332 0083 04       		.uleb128 0x4
 333 0084 14040000 		.4byte	.LASF11
 334 0088 02       		.byte	0x2
 335 0089 E601     		.2byte	0x1e6
 336 008b 48000000 		.4byte	0x48
 337 008f 02       		.uleb128 0x2
 338 0090 04       		.byte	0x4
 339 0091 04       		.byte	0x4
 340 0092 E7080000 		.4byte	.LASF12
ARM GAS  C:\Users\jon\AppData\Local\Temp\cca4a8j4.s 			page 10


 341 0096 02       		.uleb128 0x2
 342 0097 08       		.byte	0x8
 343 0098 04       		.byte	0x4
 344 0099 EC030000 		.4byte	.LASF13
 345 009d 02       		.uleb128 0x2
 346 009e 01       		.byte	0x1
 347 009f 08       		.byte	0x8
 348 00a0 7D0A0000 		.4byte	.LASF14
 349 00a4 02       		.uleb128 0x2
 350 00a5 08       		.byte	0x8
 351 00a6 04       		.byte	0x4
 352 00a7 590A0000 		.4byte	.LASF15
 353 00ab 02       		.uleb128 0x2
 354 00ac 04       		.byte	0x4
 355 00ad 07       		.byte	0x7
 356 00ae 6C070000 		.4byte	.LASF16
 357 00b2 05       		.uleb128 0x5
 358 00b3 04       		.byte	0x4
 359 00b4 06       		.uleb128 0x6
 360 00b5 01       		.byte	0x1
 361 00b6 2C000000 		.4byte	0x2c
 362 00ba 04       		.byte	0x4
 363 00bb 3501     		.2byte	0x135
 364 00bd 72020000 		.4byte	0x272
 365 00c1 07       		.uleb128 0x7
 366 00c2 A0050000 		.4byte	.LASF17
 367 00c6 00       		.byte	0
 368 00c7 07       		.uleb128 0x7
 369 00c8 FC020000 		.4byte	.LASF18
 370 00cc 01       		.byte	0x1
 371 00cd 07       		.uleb128 0x7
 372 00ce 37010000 		.4byte	.LASF19
 373 00d2 02       		.byte	0x2
 374 00d3 07       		.uleb128 0x7
 375 00d4 060B0000 		.4byte	.LASF20
 376 00d8 03       		.byte	0x3
 377 00d9 07       		.uleb128 0x7
 378 00da 0A020000 		.4byte	.LASF21
 379 00de 04       		.byte	0x4
 380 00df 07       		.uleb128 0x7
 381 00e0 23000000 		.4byte	.LASF22
 382 00e4 05       		.byte	0x5
 383 00e5 07       		.uleb128 0x7
 384 00e6 D5050000 		.4byte	.LASF23
 385 00ea 06       		.byte	0x6
 386 00eb 07       		.uleb128 0x7
 387 00ec CE060000 		.4byte	.LASF24
 388 00f0 20       		.byte	0x20
 389 00f1 07       		.uleb128 0x7
 390 00f2 38030000 		.4byte	.LASF25
 391 00f6 21       		.byte	0x21
 392 00f7 07       		.uleb128 0x7
 393 00f8 EE050000 		.4byte	.LASF26
 394 00fc 22       		.byte	0x22
 395 00fd 07       		.uleb128 0x7
 396 00fe 71060000 		.4byte	.LASF27
 397 0102 23       		.byte	0x23
ARM GAS  C:\Users\jon\AppData\Local\Temp\cca4a8j4.s 			page 11


 398 0103 07       		.uleb128 0x7
 399 0104 33080000 		.4byte	.LASF28
 400 0108 24       		.byte	0x24
 401 0109 07       		.uleb128 0x7
 402 010a 8E070000 		.4byte	.LASF29
 403 010e 25       		.byte	0x25
 404 010f 07       		.uleb128 0x7
 405 0110 9F030000 		.4byte	.LASF30
 406 0114 26       		.byte	0x26
 407 0115 07       		.uleb128 0x7
 408 0116 12060000 		.4byte	.LASF31
 409 011a 27       		.byte	0x27
 410 011b 07       		.uleb128 0x7
 411 011c 820A0000 		.4byte	.LASF32
 412 0120 28       		.byte	0x28
 413 0121 07       		.uleb128 0x7
 414 0122 84020000 		.4byte	.LASF33
 415 0126 29       		.byte	0x29
 416 0127 07       		.uleb128 0x7
 417 0128 86000000 		.4byte	.LASF34
 418 012c 2A       		.byte	0x2a
 419 012d 07       		.uleb128 0x7
 420 012e 0F030000 		.4byte	.LASF35
 421 0132 2B       		.byte	0x2b
 422 0133 07       		.uleb128 0x7
 423 0134 040C0000 		.4byte	.LASF36
 424 0138 2C       		.byte	0x2c
 425 0139 07       		.uleb128 0x7
 426 013a A1020000 		.4byte	.LASF37
 427 013e 2D       		.byte	0x2d
 428 013f 07       		.uleb128 0x7
 429 0140 1F090000 		.4byte	.LASF38
 430 0144 2E       		.byte	0x2e
 431 0145 07       		.uleb128 0x7
 432 0146 D0000000 		.4byte	.LASF39
 433 014a 2F       		.byte	0x2f
 434 014b 07       		.uleb128 0x7
 435 014c E1070000 		.4byte	.LASF40
 436 0150 30       		.byte	0x30
 437 0151 07       		.uleb128 0x7
 438 0152 5C0C0000 		.4byte	.LASF41
 439 0156 31       		.byte	0x31
 440 0157 07       		.uleb128 0x7
 441 0158 1F020000 		.4byte	.LASF42
 442 015c 32       		.byte	0x32
 443 015d 07       		.uleb128 0x7
 444 015e 320A0000 		.4byte	.LASF43
 445 0162 33       		.byte	0x33
 446 0163 07       		.uleb128 0x7
 447 0164 E3040000 		.4byte	.LASF44
 448 0168 34       		.byte	0x34
 449 0169 07       		.uleb128 0x7
 450 016a 02080000 		.4byte	.LASF45
 451 016e 35       		.byte	0x35
 452 016f 07       		.uleb128 0x7
 453 0170 38060000 		.4byte	.LASF46
 454 0174 36       		.byte	0x36
ARM GAS  C:\Users\jon\AppData\Local\Temp\cca4a8j4.s 			page 12


 455 0175 07       		.uleb128 0x7
 456 0176 F8060000 		.4byte	.LASF47
 457 017a 37       		.byte	0x37
 458 017b 07       		.uleb128 0x7
 459 017c 180A0000 		.4byte	.LASF48
 460 0180 40       		.byte	0x40
 461 0181 07       		.uleb128 0x7
 462 0182 97060000 		.4byte	.LASF49
 463 0186 41       		.byte	0x41
 464 0187 07       		.uleb128 0x7
 465 0188 9C0C0000 		.4byte	.LASF50
 466 018c 42       		.byte	0x42
 467 018d 07       		.uleb128 0x7
 468 018e 530B0000 		.4byte	.LASF51
 469 0192 43       		.byte	0x43
 470 0193 07       		.uleb128 0x7
 471 0194 15050000 		.4byte	.LASF52
 472 0198 44       		.byte	0x44
 473 0199 07       		.uleb128 0x7
 474 019a C0080000 		.4byte	.LASF53
 475 019e 45       		.byte	0x45
 476 019f 07       		.uleb128 0x7
 477 01a0 4B070000 		.4byte	.LASF54
 478 01a4 46       		.byte	0x46
 479 01a5 07       		.uleb128 0x7
 480 01a6 B7050000 		.4byte	.LASF55
 481 01aa 47       		.byte	0x47
 482 01ab 07       		.uleb128 0x7
 483 01ac DD0B0000 		.4byte	.LASF56
 484 01b0 48       		.byte	0x48
 485 01b1 07       		.uleb128 0x7
 486 01b2 4F030000 		.4byte	.LASF57
 487 01b6 49       		.byte	0x49
 488 01b7 07       		.uleb128 0x7
 489 01b8 970B0000 		.4byte	.LASF58
 490 01bc 4A       		.byte	0x4a
 491 01bd 07       		.uleb128 0x7
 492 01be F9000000 		.4byte	.LASF59
 493 01c2 4B       		.byte	0x4b
 494 01c3 07       		.uleb128 0x7
 495 01c4 FB040000 		.4byte	.LASF60
 496 01c8 4C       		.byte	0x4c
 497 01c9 07       		.uleb128 0x7
 498 01ca B9070000 		.4byte	.LASF61
 499 01ce 4D       		.byte	0x4d
 500 01cf 07       		.uleb128 0x7
 501 01d0 68030000 		.4byte	.LASF62
 502 01d4 4E       		.byte	0x4e
 503 01d5 07       		.uleb128 0x7
 504 01d6 D8090000 		.4byte	.LASF63
 505 01da 4F       		.byte	0x4f
 506 01db 07       		.uleb128 0x7
 507 01dc 18010000 		.4byte	.LASF64
 508 01e0 50       		.byte	0x50
 509 01e1 07       		.uleb128 0x7
 510 01e2 CD030000 		.4byte	.LASF65
 511 01e6 51       		.byte	0x51
ARM GAS  C:\Users\jon\AppData\Local\Temp\cca4a8j4.s 			page 13


 512 01e7 07       		.uleb128 0x7
 513 01e8 62080000 		.4byte	.LASF66
 514 01ec 52       		.byte	0x52
 515 01ed 07       		.uleb128 0x7
 516 01ee 5E090000 		.4byte	.LASF67
 517 01f2 53       		.byte	0x53
 518 01f3 07       		.uleb128 0x7
 519 01f4 F7090000 		.4byte	.LASF68
 520 01f8 54       		.byte	0x54
 521 01f9 07       		.uleb128 0x7
 522 01fa 33050000 		.4byte	.LASF69
 523 01fe 55       		.byte	0x55
 524 01ff 07       		.uleb128 0x7
 525 0200 83040000 		.4byte	.LASF70
 526 0204 56       		.byte	0x56
 527 0205 07       		.uleb128 0x7
 528 0206 A40A0000 		.4byte	.LASF71
 529 020a 57       		.byte	0x57
 530 020b 07       		.uleb128 0x7
 531 020c 57050000 		.4byte	.LASF72
 532 0210 58       		.byte	0x58
 533 0211 07       		.uleb128 0x7
 534 0212 5E020000 		.4byte	.LASF73
 535 0216 70       		.byte	0x70
 536 0217 07       		.uleb128 0x7
 537 0218 310C0000 		.4byte	.LASF74
 538 021c 71       		.byte	0x71
 539 021d 07       		.uleb128 0x7
 540 021e B2060000 		.4byte	.LASF75
 541 0222 72       		.byte	0x72
 542 0223 07       		.uleb128 0x7
 543 0224 2D070000 		.4byte	.LASF76
 544 0228 73       		.byte	0x73
 545 0229 07       		.uleb128 0x7
 546 022a A2080000 		.4byte	.LASF77
 547 022e 74       		.byte	0x74
 548 022f 07       		.uleb128 0x7
 549 0230 F3030000 		.4byte	.LASF78
 550 0234 75       		.byte	0x75
 551 0235 07       		.uleb128 0x7
 552 0236 AF000000 		.4byte	.LASF79
 553 023a 76       		.byte	0x76
 554 023b 07       		.uleb128 0x7
 555 023c 53000000 		.4byte	.LASF80
 556 0240 77       		.byte	0x77
 557 0241 07       		.uleb128 0x7
 558 0242 00000000 		.4byte	.LASF81
 559 0246 78       		.byte	0x78
 560 0247 07       		.uleb128 0x7
 561 0248 E30A0000 		.4byte	.LASF82
 562 024c 79       		.byte	0x79
 563 024d 07       		.uleb128 0x7
 564 024e 2F040000 		.4byte	.LASF83
 565 0252 7A       		.byte	0x7a
 566 0253 07       		.uleb128 0x7
 567 0254 40020000 		.4byte	.LASF84
 568 0258 FA       		.byte	0xfa
ARM GAS  C:\Users\jon\AppData\Local\Temp\cca4a8j4.s 			page 14


 569 0259 07       		.uleb128 0x7
 570 025a B2040000 		.4byte	.LASF85
 571 025e FB       		.byte	0xfb
 572 025f 07       		.uleb128 0x7
 573 0260 BF090000 		.4byte	.LASF86
 574 0264 FC       		.byte	0xfc
 575 0265 07       		.uleb128 0x7
 576 0266 650A0000 		.4byte	.LASF87
 577 026a FD       		.byte	0xfd
 578 026b 07       		.uleb128 0x7
 579 026c 21040000 		.4byte	.LASF88
 580 0270 FF       		.byte	0xff
 581 0271 00       		.byte	0
 582 0272 08       		.uleb128 0x8
 583 0273 04       		.byte	0x4
 584 0274 6B000000 		.4byte	0x6b
 585 0278 04       		.uleb128 0x4
 586 0279 800C0000 		.4byte	.LASF89
 587 027d 03       		.byte	0x3
 588 027e 8901     		.2byte	0x189
 589 0280 77000000 		.4byte	0x77
 590 0284 09       		.uleb128 0x9
 591 0285 02       		.byte	0x2
 592 0286 03       		.byte	0x3
 593 0287 9301     		.2byte	0x193
 594 0289 A8020000 		.4byte	0x2a8
 595 028d 0A       		.uleb128 0xa
 596 028e 280C0000 		.4byte	.LASF90
 597 0292 03       		.byte	0x3
 598 0293 9A01     		.2byte	0x19a
 599 0295 6B000000 		.4byte	0x6b
 600 0299 00       		.byte	0
 601 029a 0A       		.uleb128 0xa
 602 029b F2060000 		.4byte	.LASF91
 603 029f 03       		.byte	0x3
 604 02a0 A001     		.2byte	0x1a0
 605 02a2 6B000000 		.4byte	0x6b
 606 02a6 01       		.byte	0x1
 607 02a7 00       		.byte	0
 608 02a8 04       		.uleb128 0x4
 609 02a9 72000000 		.4byte	.LASF92
 610 02ad 03       		.byte	0x3
 611 02ae A201     		.2byte	0x1a2
 612 02b0 84020000 		.4byte	0x284
 613 02b4 09       		.uleb128 0x9
 614 02b5 08       		.byte	0x8
 615 02b6 03       		.byte	0x3
 616 02b7 BE01     		.2byte	0x1be
 617 02b9 E5020000 		.4byte	0x2e5
 618 02bd 0B       		.uleb128 0xb
 619 02be 76616C00 		.ascii	"val\000"
 620 02c2 03       		.byte	0x3
 621 02c3 C101     		.2byte	0x1c1
 622 02c5 72020000 		.4byte	0x272
 623 02c9 00       		.byte	0
 624 02ca 0B       		.uleb128 0xb
 625 02cb 6C656E00 		.ascii	"len\000"
ARM GAS  C:\Users\jon\AppData\Local\Temp\cca4a8j4.s 			page 15


 626 02cf 03       		.byte	0x3
 627 02d0 C401     		.2byte	0x1c4
 628 02d2 77000000 		.4byte	0x77
 629 02d6 04       		.byte	0x4
 630 02d7 0A       		.uleb128 0xa
 631 02d8 2E030000 		.4byte	.LASF93
 632 02dc 03       		.byte	0x3
 633 02dd CB01     		.2byte	0x1cb
 634 02df 77000000 		.4byte	0x77
 635 02e3 06       		.byte	0x6
 636 02e4 00       		.byte	0
 637 02e5 04       		.uleb128 0x4
 638 02e6 F7010000 		.4byte	.LASF94
 639 02ea 03       		.byte	0x3
 640 02eb CD01     		.2byte	0x1cd
 641 02ed B4020000 		.4byte	0x2b4
 642 02f1 09       		.uleb128 0x9
 643 02f2 0C       		.byte	0xc
 644 02f3 03       		.byte	0x3
 645 02f4 D001     		.2byte	0x1d0
 646 02f6 15030000 		.4byte	0x315
 647 02fa 0A       		.uleb128 0xa
 648 02fb 5E040000 		.4byte	.LASF95
 649 02ff 03       		.byte	0x3
 650 0300 D301     		.2byte	0x1d3
 651 0302 E5020000 		.4byte	0x2e5
 652 0306 00       		.byte	0
 653 0307 0A       		.uleb128 0xa
 654 0308 53040000 		.4byte	.LASF96
 655 030c 03       		.byte	0x3
 656 030d D601     		.2byte	0x1d6
 657 030f 78020000 		.4byte	0x278
 658 0313 08       		.byte	0x8
 659 0314 00       		.byte	0
 660 0315 04       		.uleb128 0x4
 661 0316 83080000 		.4byte	.LASF97
 662 031a 03       		.byte	0x3
 663 031b D801     		.2byte	0x1d8
 664 031d F1020000 		.4byte	0x2f1
 665 0321 06       		.uleb128 0x6
 666 0322 01       		.byte	0x1
 667 0323 2C000000 		.4byte	0x2c
 668 0327 05       		.byte	0x5
 669 0328 5A08     		.2byte	0x85a
 670 032a 4D030000 		.4byte	0x34d
 671 032e 07       		.uleb128 0x7
 672 032f 3F000000 		.4byte	.LASF98
 673 0333 00       		.byte	0
 674 0334 07       		.uleb128 0x7
 675 0335 75070000 		.4byte	.LASF99
 676 0339 01       		.byte	0x1
 677 033a 07       		.uleb128 0x7
 678 033b C70B0000 		.4byte	.LASF100
 679 033f 02       		.byte	0x2
 680 0340 07       		.uleb128 0x7
 681 0341 CA020000 		.4byte	.LASF101
 682 0345 03       		.byte	0x3
ARM GAS  C:\Users\jon\AppData\Local\Temp\cca4a8j4.s 			page 16


 683 0346 07       		.uleb128 0x7
 684 0347 86030000 		.4byte	.LASF102
 685 034b 04       		.byte	0x4
 686 034c 00       		.byte	0
 687 034d 04       		.uleb128 0x4
 688 034e 7C0B0000 		.4byte	.LASF103
 689 0352 05       		.byte	0x5
 690 0353 6808     		.2byte	0x868
 691 0355 21030000 		.4byte	0x321
 692 0359 0C       		.uleb128 0xc
 693 035a 2D0B0000 		.4byte	.LASF127
 694 035e 03       		.byte	0x3
 695 035f 06       		.byte	0x6
 696 0360 46       		.byte	0x46
 697 0361 7C030000 		.4byte	0x37c
 698 0365 0D       		.uleb128 0xd
 699 0366 D1090000 		.4byte	.LASF104
 700 036a 06       		.byte	0x6
 701 036b 47       		.byte	0x47
 702 036c 7C030000 		.4byte	0x37c
 703 0370 0D       		.uleb128 0xd
 704 0371 1B040000 		.4byte	.LASF105
 705 0375 06       		.byte	0x6
 706 0376 48       		.byte	0x48
 707 0377 7C030000 		.4byte	0x37c
 708 037b 00       		.byte	0
 709 037c 0E       		.uleb128 0xe
 710 037d 6B000000 		.4byte	0x6b
 711 0381 8C030000 		.4byte	0x38c
 712 0385 0F       		.uleb128 0xf
 713 0386 AB000000 		.4byte	0xab
 714 038a 02       		.byte	0x2
 715 038b 00       		.byte	0
 716 038c 10       		.uleb128 0x10
 717 038d 7A050000 		.4byte	.LASF128
 718 0391 01       		.byte	0x1
 719 0392 2C       		.byte	0x2c
 720 0393 00000000 		.4byte	.LFB36
 721 0397 34000000 		.4byte	.LFE36-.LFB36
 722 039b 01       		.uleb128 0x1
 723 039c 9C       		.byte	0x9c
 724 039d E1030000 		.4byte	0x3e1
 725 03a1 11       		.uleb128 0x11
 726 03a2 4F080000 		.4byte	.LASF106
 727 03a6 01       		.byte	0x1
 728 03a7 2F       		.byte	0x2f
 729 03a8 15030000 		.4byte	0x315
 730 03ac 02       		.uleb128 0x2
 731 03ad 91       		.byte	0x91
 732 03ae 6C       		.sleb128 -20
 733 03af 11       		.uleb128 0x11
 734 03b0 B50B0000 		.4byte	.LASF107
 735 03b4 01       		.byte	0x1
 736 03b5 31       		.byte	0x31
 737 03b6 59030000 		.4byte	0x359
 738 03ba 02       		.uleb128 0x2
 739 03bb 91       		.byte	0x91
ARM GAS  C:\Users\jon\AppData\Local\Temp\cca4a8j4.s 			page 17


 740 03bc 68       		.sleb128 -24
 741 03bd 12       		.uleb128 0x12
 742 03be 10000000 		.4byte	.LVL0
 743 03c2 2E050000 		.4byte	0x52e
 744 03c6 13       		.uleb128 0x13
 745 03c7 28000000 		.4byte	.LVL1
 746 03cb 3A050000 		.4byte	0x53a
 747 03cf 14       		.uleb128 0x14
 748 03d0 01       		.uleb128 0x1
 749 03d1 50       		.byte	0x50
 750 03d2 02       		.uleb128 0x2
 751 03d3 91       		.byte	0x91
 752 03d4 6C       		.sleb128 -20
 753 03d5 14       		.uleb128 0x14
 754 03d6 01       		.uleb128 0x1
 755 03d7 51       		.byte	0x51
 756 03d8 01       		.uleb128 0x1
 757 03d9 30       		.byte	0x30
 758 03da 14       		.uleb128 0x14
 759 03db 01       		.uleb128 0x1
 760 03dc 53       		.byte	0x53
 761 03dd 01       		.uleb128 0x1
 762 03de 30       		.byte	0x30
 763 03df 00       		.byte	0
 764 03e0 00       		.byte	0
 765 03e1 15       		.uleb128 0x15
 766 03e2 CD0A0000 		.4byte	.LASF110
 767 03e6 01       		.byte	0x1
 768 03e7 52       		.byte	0x52
 769 03e8 00000000 		.4byte	.LFB37
 770 03ec 48000000 		.4byte	.LFE37-.LFB37
 771 03f0 01       		.uleb128 0x1
 772 03f1 9C       		.byte	0x9c
 773 03f2 66040000 		.4byte	0x466
 774 03f6 16       		.uleb128 0x16
 775 03f7 87050000 		.4byte	.LASF108
 776 03fb 01       		.byte	0x1
 777 03fc 52       		.byte	0x52
 778 03fd 83000000 		.4byte	0x83
 779 0401 00000000 		.4byte	.LLST0
 780 0405 16       		.uleb128 0x16
 781 0406 710B0000 		.4byte	.LASF109
 782 040a 01       		.byte	0x1
 783 040b 52       		.byte	0x52
 784 040c B2000000 		.4byte	0xb2
 785 0410 6C000000 		.4byte	.LLST1
 786 0414 17       		.uleb128 0x17
 787 0415 1E000000 		.4byte	.LVL4
 788 0419 46050000 		.4byte	0x546
 789 041d 27040000 		.4byte	0x427
 790 0421 14       		.uleb128 0x14
 791 0422 01       		.uleb128 0x1
 792 0423 50       		.byte	0x50
 793 0424 01       		.uleb128 0x1
 794 0425 30       		.byte	0x30
 795 0426 00       		.byte	0
 796 0427 17       		.uleb128 0x17
ARM GAS  C:\Users\jon\AppData\Local\Temp\cca4a8j4.s 			page 18


 797 0428 2E000000 		.4byte	.LVL7
 798 042c 46050000 		.4byte	0x546
 799 0430 3A040000 		.4byte	0x43a
 800 0434 14       		.uleb128 0x14
 801 0435 01       		.uleb128 0x1
 802 0436 50       		.byte	0x50
 803 0437 01       		.uleb128 0x1
 804 0438 30       		.byte	0x30
 805 0439 00       		.byte	0
 806 043a 17       		.uleb128 0x17
 807 043b 36000000 		.4byte	.LVL10
 808 043f 46050000 		.4byte	0x546
 809 0443 4D040000 		.4byte	0x44d
 810 0447 14       		.uleb128 0x14
 811 0448 01       		.uleb128 0x1
 812 0449 50       		.byte	0x50
 813 044a 01       		.uleb128 0x1
 814 044b 30       		.byte	0x30
 815 044c 00       		.byte	0
 816 044d 12       		.uleb128 0x12
 817 044e 3C000000 		.4byte	.LVL12
 818 0452 8C030000 		.4byte	0x38c
 819 0456 13       		.uleb128 0x13
 820 0457 42000000 		.4byte	.LVL13
 821 045b 46050000 		.4byte	0x546
 822 045f 14       		.uleb128 0x14
 823 0460 01       		.uleb128 0x1
 824 0461 50       		.byte	0x50
 825 0462 01       		.uleb128 0x1
 826 0463 30       		.byte	0x30
 827 0464 00       		.byte	0
 828 0465 00       		.byte	0
 829 0466 15       		.uleb128 0x15
 830 0467 43090000 		.4byte	.LASF111
 831 046b 01       		.byte	0x1
 832 046c 8C       		.byte	0x8c
 833 046d 00000000 		.4byte	.LFB38
 834 0471 24000000 		.4byte	.LFE38-.LFB38
 835 0475 01       		.uleb128 0x1
 836 0476 9C       		.byte	0x9c
 837 0477 A5040000 		.4byte	0x4a5
 838 047b 12       		.uleb128 0x12
 839 047c 06000000 		.4byte	.LVL14
 840 0480 52050000 		.4byte	0x552
 841 0484 17       		.uleb128 0x17
 842 0485 14000000 		.4byte	.LVL15
 843 0489 5D050000 		.4byte	0x55d
 844 048d 9B040000 		.4byte	0x49b
 845 0491 14       		.uleb128 0x14
 846 0492 01       		.uleb128 0x1
 847 0493 50       		.byte	0x50
 848 0494 05       		.uleb128 0x5
 849 0495 03       		.byte	0x3
 850 0496 00000000 		.4byte	BluetoothEventHandler
 851 049a 00       		.byte	0
 852 049b 12       		.uleb128 0x12
 853 049c 18000000 		.4byte	.LVL16
ARM GAS  C:\Users\jon\AppData\Local\Temp\cca4a8j4.s 			page 19


 854 04a0 8C030000 		.4byte	0x38c
 855 04a4 00       		.byte	0
 856 04a5 18       		.uleb128 0x18
 857 04a6 570C0000 		.4byte	.LASF129
 858 04aa 01       		.byte	0x1
 859 04ab 9E       		.byte	0x9e
 860 04ac 5D000000 		.4byte	0x5d
 861 04b0 00000000 		.4byte	.LFB39
 862 04b4 30000000 		.4byte	.LFE39-.LFB39
 863 04b8 01       		.uleb128 0x1
 864 04b9 9C       		.byte	0x9c
 865 04ba 05050000 		.4byte	0x505
 866 04be 12       		.uleb128 0x12
 867 04bf 06000000 		.4byte	.LVL17
 868 04c3 66040000 		.4byte	0x466
 869 04c7 12       		.uleb128 0x12
 870 04c8 0A000000 		.4byte	.LVL18
 871 04cc 2E050000 		.4byte	0x52e
 872 04d0 12       		.uleb128 0x12
 873 04d1 0E000000 		.4byte	.LVL19
 874 04d5 69050000 		.4byte	0x569
 875 04d9 12       		.uleb128 0x12
 876 04da 16000000 		.4byte	.LVL20
 877 04de 8C030000 		.4byte	0x38c
 878 04e2 12       		.uleb128 0x12
 879 04e3 1A000000 		.4byte	.LVL21
 880 04e7 74050000 		.4byte	0x574
 881 04eb 12       		.uleb128 0x12
 882 04ec 24000000 		.4byte	.LVL22
 883 04f0 7F050000 		.4byte	0x57f
 884 04f4 13       		.uleb128 0x13
 885 04f5 2A000000 		.4byte	.LVL23
 886 04f9 8A050000 		.4byte	0x58a
 887 04fd 14       		.uleb128 0x14
 888 04fe 01       		.uleb128 0x1
 889 04ff 50       		.byte	0x50
 890 0500 02       		.uleb128 0x2
 891 0501 08       		.byte	0x8
 892 0502 FA       		.byte	0xfa
 893 0503 00       		.byte	0
 894 0504 00       		.byte	0
 895 0505 19       		.uleb128 0x19
 896 0506 65060000 		.4byte	.LASF112
 897 050a 05       		.byte	0x5
 898 050b B30A     		.2byte	0xab3
 899 050d 4D030000 		.4byte	0x34d
 900 0511 19       		.uleb128 0x19
 901 0512 A8070000 		.4byte	.LASF113
 902 0516 05       		.byte	0x5
 903 0517 B40A     		.2byte	0xab4
 904 0519 A8020000 		.4byte	0x2a8
 905 051d 1A       		.uleb128 0x1a
 906 051e BA0B0000 		.4byte	.LASF114
 907 0522 01       		.byte	0x1
 908 0523 20       		.byte	0x20
 909 0524 6B000000 		.4byte	0x6b
 910 0528 05       		.uleb128 0x5
ARM GAS  C:\Users\jon\AppData\Local\Temp\cca4a8j4.s 			page 20


 911 0529 03       		.byte	0x3
 912 052a 00000000 		.4byte	button_state
 913 052e 1B       		.uleb128 0x1b
 914 052f 1F080000 		.4byte	.LASF115
 915 0533 1F080000 		.4byte	.LASF115
 916 0537 04       		.byte	0x4
 917 0538 CF07     		.2byte	0x7cf
 918 053a 1B       		.uleb128 0x1b
 919 053b 64040000 		.4byte	.LASF116
 920 053f 64040000 		.4byte	.LASF116
 921 0543 07       		.byte	0x7
 922 0544 8401     		.2byte	0x184
 923 0546 1B       		.uleb128 0x1b
 924 0547 ED080000 		.4byte	.LASF117
 925 054b ED080000 		.4byte	.LASF117
 926 054f 08       		.byte	0x8
 927 0550 7F02     		.2byte	0x27f
 928 0552 1C       		.uleb128 0x1c
 929 0553 410B0000 		.4byte	.LASF118
 930 0557 410B0000 		.4byte	.LASF118
 931 055b 09       		.byte	0x9
 932 055c 5C       		.byte	0x5c
 933 055d 1B       		.uleb128 0x1b
 934 055e 59060000 		.4byte	.LASF119
 935 0562 59060000 		.4byte	.LASF119
 936 0566 08       		.byte	0x8
 937 0567 6F02     		.2byte	0x26f
 938 0569 1C       		.uleb128 0x1c
 939 056a 1F0B0000 		.4byte	.LASF120
 940 056e 1F0B0000 		.4byte	.LASF120
 941 0572 0A       		.byte	0xa
 942 0573 32       		.byte	0x32
 943 0574 1C       		.uleb128 0x1c
 944 0575 8A0B0000 		.4byte	.LASF121
 945 0579 8A0B0000 		.4byte	.LASF121
 946 057d 0B       		.byte	0xb
 947 057e 32       		.byte	0x32
 948 057f 1C       		.uleb128 0x1c
 949 0580 D3070000 		.4byte	.LASF122
 950 0584 D3070000 		.4byte	.LASF122
 951 0588 0B       		.byte	0xb
 952 0589 33       		.byte	0x33
 953 058a 1C       		.uleb128 0x1c
 954 058b 390B0000 		.4byte	.LASF123
 955 058f 390B0000 		.4byte	.LASF123
 956 0593 0C       		.byte	0xc
 957 0594 D9       		.byte	0xd9
 958 0595 00       		.byte	0
 959              		.section	.debug_abbrev,"",%progbits
 960              	.Ldebug_abbrev0:
 961 0000 01       		.uleb128 0x1
 962 0001 11       		.uleb128 0x11
 963 0002 01       		.byte	0x1
 964 0003 25       		.uleb128 0x25
 965 0004 0E       		.uleb128 0xe
 966 0005 13       		.uleb128 0x13
 967 0006 0B       		.uleb128 0xb
ARM GAS  C:\Users\jon\AppData\Local\Temp\cca4a8j4.s 			page 21


 968 0007 03       		.uleb128 0x3
 969 0008 0E       		.uleb128 0xe
 970 0009 1B       		.uleb128 0x1b
 971 000a 0E       		.uleb128 0xe
 972 000b 55       		.uleb128 0x55
 973 000c 17       		.uleb128 0x17
 974 000d 11       		.uleb128 0x11
 975 000e 01       		.uleb128 0x1
 976 000f 10       		.uleb128 0x10
 977 0010 17       		.uleb128 0x17
 978 0011 00       		.byte	0
 979 0012 00       		.byte	0
 980 0013 02       		.uleb128 0x2
 981 0014 24       		.uleb128 0x24
 982 0015 00       		.byte	0
 983 0016 0B       		.uleb128 0xb
 984 0017 0B       		.uleb128 0xb
 985 0018 3E       		.uleb128 0x3e
 986 0019 0B       		.uleb128 0xb
 987 001a 03       		.uleb128 0x3
 988 001b 0E       		.uleb128 0xe
 989 001c 00       		.byte	0
 990 001d 00       		.byte	0
 991 001e 03       		.uleb128 0x3
 992 001f 24       		.uleb128 0x24
 993 0020 00       		.byte	0
 994 0021 0B       		.uleb128 0xb
 995 0022 0B       		.uleb128 0xb
 996 0023 3E       		.uleb128 0x3e
 997 0024 0B       		.uleb128 0xb
 998 0025 03       		.uleb128 0x3
 999 0026 08       		.uleb128 0x8
 1000 0027 00       		.byte	0
 1001 0028 00       		.byte	0
 1002 0029 04       		.uleb128 0x4
 1003 002a 16       		.uleb128 0x16
 1004 002b 00       		.byte	0
 1005 002c 03       		.uleb128 0x3
 1006 002d 0E       		.uleb128 0xe
 1007 002e 3A       		.uleb128 0x3a
 1008 002f 0B       		.uleb128 0xb
 1009 0030 3B       		.uleb128 0x3b
 1010 0031 05       		.uleb128 0x5
 1011 0032 49       		.uleb128 0x49
 1012 0033 13       		.uleb128 0x13
 1013 0034 00       		.byte	0
 1014 0035 00       		.byte	0
 1015 0036 05       		.uleb128 0x5
 1016 0037 0F       		.uleb128 0xf
 1017 0038 00       		.byte	0
 1018 0039 0B       		.uleb128 0xb
 1019 003a 0B       		.uleb128 0xb
 1020 003b 00       		.byte	0
 1021 003c 00       		.byte	0
 1022 003d 06       		.uleb128 0x6
 1023 003e 04       		.uleb128 0x4
 1024 003f 01       		.byte	0x1
ARM GAS  C:\Users\jon\AppData\Local\Temp\cca4a8j4.s 			page 22


 1025 0040 0B       		.uleb128 0xb
 1026 0041 0B       		.uleb128 0xb
 1027 0042 49       		.uleb128 0x49
 1028 0043 13       		.uleb128 0x13
 1029 0044 3A       		.uleb128 0x3a
 1030 0045 0B       		.uleb128 0xb
 1031 0046 3B       		.uleb128 0x3b
 1032 0047 05       		.uleb128 0x5
 1033 0048 01       		.uleb128 0x1
 1034 0049 13       		.uleb128 0x13
 1035 004a 00       		.byte	0
 1036 004b 00       		.byte	0
 1037 004c 07       		.uleb128 0x7
 1038 004d 28       		.uleb128 0x28
 1039 004e 00       		.byte	0
 1040 004f 03       		.uleb128 0x3
 1041 0050 0E       		.uleb128 0xe
 1042 0051 1C       		.uleb128 0x1c
 1043 0052 0B       		.uleb128 0xb
 1044 0053 00       		.byte	0
 1045 0054 00       		.byte	0
 1046 0055 08       		.uleb128 0x8
 1047 0056 0F       		.uleb128 0xf
 1048 0057 00       		.byte	0
 1049 0058 0B       		.uleb128 0xb
 1050 0059 0B       		.uleb128 0xb
 1051 005a 49       		.uleb128 0x49
 1052 005b 13       		.uleb128 0x13
 1053 005c 00       		.byte	0
 1054 005d 00       		.byte	0
 1055 005e 09       		.uleb128 0x9
 1056 005f 13       		.uleb128 0x13
 1057 0060 01       		.byte	0x1
 1058 0061 0B       		.uleb128 0xb
 1059 0062 0B       		.uleb128 0xb
 1060 0063 3A       		.uleb128 0x3a
 1061 0064 0B       		.uleb128 0xb
 1062 0065 3B       		.uleb128 0x3b
 1063 0066 05       		.uleb128 0x5
 1064 0067 01       		.uleb128 0x1
 1065 0068 13       		.uleb128 0x13
 1066 0069 00       		.byte	0
 1067 006a 00       		.byte	0
 1068 006b 0A       		.uleb128 0xa
 1069 006c 0D       		.uleb128 0xd
 1070 006d 00       		.byte	0
 1071 006e 03       		.uleb128 0x3
 1072 006f 0E       		.uleb128 0xe
 1073 0070 3A       		.uleb128 0x3a
 1074 0071 0B       		.uleb128 0xb
 1075 0072 3B       		.uleb128 0x3b
 1076 0073 05       		.uleb128 0x5
 1077 0074 49       		.uleb128 0x49
 1078 0075 13       		.uleb128 0x13
 1079 0076 38       		.uleb128 0x38
 1080 0077 0B       		.uleb128 0xb
 1081 0078 00       		.byte	0
ARM GAS  C:\Users\jon\AppData\Local\Temp\cca4a8j4.s 			page 23


 1082 0079 00       		.byte	0
 1083 007a 0B       		.uleb128 0xb
 1084 007b 0D       		.uleb128 0xd
 1085 007c 00       		.byte	0
 1086 007d 03       		.uleb128 0x3
 1087 007e 08       		.uleb128 0x8
 1088 007f 3A       		.uleb128 0x3a
 1089 0080 0B       		.uleb128 0xb
 1090 0081 3B       		.uleb128 0x3b
 1091 0082 05       		.uleb128 0x5
 1092 0083 49       		.uleb128 0x49
 1093 0084 13       		.uleb128 0x13
 1094 0085 38       		.uleb128 0x38
 1095 0086 0B       		.uleb128 0xb
 1096 0087 00       		.byte	0
 1097 0088 00       		.byte	0
 1098 0089 0C       		.uleb128 0xc
 1099 008a 17       		.uleb128 0x17
 1100 008b 01       		.byte	0x1
 1101 008c 03       		.uleb128 0x3
 1102 008d 0E       		.uleb128 0xe
 1103 008e 0B       		.uleb128 0xb
 1104 008f 0B       		.uleb128 0xb
 1105 0090 3A       		.uleb128 0x3a
 1106 0091 0B       		.uleb128 0xb
 1107 0092 3B       		.uleb128 0x3b
 1108 0093 0B       		.uleb128 0xb
 1109 0094 01       		.uleb128 0x1
 1110 0095 13       		.uleb128 0x13
 1111 0096 00       		.byte	0
 1112 0097 00       		.byte	0
 1113 0098 0D       		.uleb128 0xd
 1114 0099 0D       		.uleb128 0xd
 1115 009a 00       		.byte	0
 1116 009b 03       		.uleb128 0x3
 1117 009c 0E       		.uleb128 0xe
 1118 009d 3A       		.uleb128 0x3a
 1119 009e 0B       		.uleb128 0xb
 1120 009f 3B       		.uleb128 0x3b
 1121 00a0 0B       		.uleb128 0xb
 1122 00a1 49       		.uleb128 0x49
 1123 00a2 13       		.uleb128 0x13
 1124 00a3 00       		.byte	0
 1125 00a4 00       		.byte	0
 1126 00a5 0E       		.uleb128 0xe
 1127 00a6 01       		.uleb128 0x1
 1128 00a7 01       		.byte	0x1
 1129 00a8 49       		.uleb128 0x49
 1130 00a9 13       		.uleb128 0x13
 1131 00aa 01       		.uleb128 0x1
 1132 00ab 13       		.uleb128 0x13
 1133 00ac 00       		.byte	0
 1134 00ad 00       		.byte	0
 1135 00ae 0F       		.uleb128 0xf
 1136 00af 21       		.uleb128 0x21
 1137 00b0 00       		.byte	0
 1138 00b1 49       		.uleb128 0x49
ARM GAS  C:\Users\jon\AppData\Local\Temp\cca4a8j4.s 			page 24


 1139 00b2 13       		.uleb128 0x13
 1140 00b3 2F       		.uleb128 0x2f
 1141 00b4 0B       		.uleb128 0xb
 1142 00b5 00       		.byte	0
 1143 00b6 00       		.byte	0
 1144 00b7 10       		.uleb128 0x10
 1145 00b8 2E       		.uleb128 0x2e
 1146 00b9 01       		.byte	0x1
 1147 00ba 3F       		.uleb128 0x3f
 1148 00bb 19       		.uleb128 0x19
 1149 00bc 03       		.uleb128 0x3
 1150 00bd 0E       		.uleb128 0xe
 1151 00be 3A       		.uleb128 0x3a
 1152 00bf 0B       		.uleb128 0xb
 1153 00c0 3B       		.uleb128 0x3b
 1154 00c1 0B       		.uleb128 0xb
 1155 00c2 11       		.uleb128 0x11
 1156 00c3 01       		.uleb128 0x1
 1157 00c4 12       		.uleb128 0x12
 1158 00c5 06       		.uleb128 0x6
 1159 00c6 40       		.uleb128 0x40
 1160 00c7 18       		.uleb128 0x18
 1161 00c8 9742     		.uleb128 0x2117
 1162 00ca 19       		.uleb128 0x19
 1163 00cb 01       		.uleb128 0x1
 1164 00cc 13       		.uleb128 0x13
 1165 00cd 00       		.byte	0
 1166 00ce 00       		.byte	0
 1167 00cf 11       		.uleb128 0x11
 1168 00d0 34       		.uleb128 0x34
 1169 00d1 00       		.byte	0
 1170 00d2 03       		.uleb128 0x3
 1171 00d3 0E       		.uleb128 0xe
 1172 00d4 3A       		.uleb128 0x3a
 1173 00d5 0B       		.uleb128 0xb
 1174 00d6 3B       		.uleb128 0x3b
 1175 00d7 0B       		.uleb128 0xb
 1176 00d8 49       		.uleb128 0x49
 1177 00d9 13       		.uleb128 0x13
 1178 00da 02       		.uleb128 0x2
 1179 00db 18       		.uleb128 0x18
 1180 00dc 00       		.byte	0
 1181 00dd 00       		.byte	0
 1182 00de 12       		.uleb128 0x12
 1183 00df 898201   		.uleb128 0x4109
 1184 00e2 00       		.byte	0
 1185 00e3 11       		.uleb128 0x11
 1186 00e4 01       		.uleb128 0x1
 1187 00e5 31       		.uleb128 0x31
 1188 00e6 13       		.uleb128 0x13
 1189 00e7 00       		.byte	0
 1190 00e8 00       		.byte	0
 1191 00e9 13       		.uleb128 0x13
 1192 00ea 898201   		.uleb128 0x4109
 1193 00ed 01       		.byte	0x1
 1194 00ee 11       		.uleb128 0x11
 1195 00ef 01       		.uleb128 0x1
ARM GAS  C:\Users\jon\AppData\Local\Temp\cca4a8j4.s 			page 25


 1196 00f0 31       		.uleb128 0x31
 1197 00f1 13       		.uleb128 0x13
 1198 00f2 00       		.byte	0
 1199 00f3 00       		.byte	0
 1200 00f4 14       		.uleb128 0x14
 1201 00f5 8A8201   		.uleb128 0x410a
 1202 00f8 00       		.byte	0
 1203 00f9 02       		.uleb128 0x2
 1204 00fa 18       		.uleb128 0x18
 1205 00fb 9142     		.uleb128 0x2111
 1206 00fd 18       		.uleb128 0x18
 1207 00fe 00       		.byte	0
 1208 00ff 00       		.byte	0
 1209 0100 15       		.uleb128 0x15
 1210 0101 2E       		.uleb128 0x2e
 1211 0102 01       		.byte	0x1
 1212 0103 3F       		.uleb128 0x3f
 1213 0104 19       		.uleb128 0x19
 1214 0105 03       		.uleb128 0x3
 1215 0106 0E       		.uleb128 0xe
 1216 0107 3A       		.uleb128 0x3a
 1217 0108 0B       		.uleb128 0xb
 1218 0109 3B       		.uleb128 0x3b
 1219 010a 0B       		.uleb128 0xb
 1220 010b 27       		.uleb128 0x27
 1221 010c 19       		.uleb128 0x19
 1222 010d 11       		.uleb128 0x11
 1223 010e 01       		.uleb128 0x1
 1224 010f 12       		.uleb128 0x12
 1225 0110 06       		.uleb128 0x6
 1226 0111 40       		.uleb128 0x40
 1227 0112 18       		.uleb128 0x18
 1228 0113 9742     		.uleb128 0x2117
 1229 0115 19       		.uleb128 0x19
 1230 0116 01       		.uleb128 0x1
 1231 0117 13       		.uleb128 0x13
 1232 0118 00       		.byte	0
 1233 0119 00       		.byte	0
 1234 011a 16       		.uleb128 0x16
 1235 011b 05       		.uleb128 0x5
 1236 011c 00       		.byte	0
 1237 011d 03       		.uleb128 0x3
 1238 011e 0E       		.uleb128 0xe
 1239 011f 3A       		.uleb128 0x3a
 1240 0120 0B       		.uleb128 0xb
 1241 0121 3B       		.uleb128 0x3b
 1242 0122 0B       		.uleb128 0xb
 1243 0123 49       		.uleb128 0x49
 1244 0124 13       		.uleb128 0x13
 1245 0125 02       		.uleb128 0x2
 1246 0126 17       		.uleb128 0x17
 1247 0127 00       		.byte	0
 1248 0128 00       		.byte	0
 1249 0129 17       		.uleb128 0x17
 1250 012a 898201   		.uleb128 0x4109
 1251 012d 01       		.byte	0x1
 1252 012e 11       		.uleb128 0x11
ARM GAS  C:\Users\jon\AppData\Local\Temp\cca4a8j4.s 			page 26


 1253 012f 01       		.uleb128 0x1
 1254 0130 31       		.uleb128 0x31
 1255 0131 13       		.uleb128 0x13
 1256 0132 01       		.uleb128 0x1
 1257 0133 13       		.uleb128 0x13
 1258 0134 00       		.byte	0
 1259 0135 00       		.byte	0
 1260 0136 18       		.uleb128 0x18
 1261 0137 2E       		.uleb128 0x2e
 1262 0138 01       		.byte	0x1
 1263 0139 3F       		.uleb128 0x3f
 1264 013a 19       		.uleb128 0x19
 1265 013b 03       		.uleb128 0x3
 1266 013c 0E       		.uleb128 0xe
 1267 013d 3A       		.uleb128 0x3a
 1268 013e 0B       		.uleb128 0xb
 1269 013f 3B       		.uleb128 0x3b
 1270 0140 0B       		.uleb128 0xb
 1271 0141 27       		.uleb128 0x27
 1272 0142 19       		.uleb128 0x19
 1273 0143 49       		.uleb128 0x49
 1274 0144 13       		.uleb128 0x13
 1275 0145 8701     		.uleb128 0x87
 1276 0147 19       		.uleb128 0x19
 1277 0148 11       		.uleb128 0x11
 1278 0149 01       		.uleb128 0x1
 1279 014a 12       		.uleb128 0x12
 1280 014b 06       		.uleb128 0x6
 1281 014c 40       		.uleb128 0x40
 1282 014d 18       		.uleb128 0x18
 1283 014e 9742     		.uleb128 0x2117
 1284 0150 19       		.uleb128 0x19
 1285 0151 01       		.uleb128 0x1
 1286 0152 13       		.uleb128 0x13
 1287 0153 00       		.byte	0
 1288 0154 00       		.byte	0
 1289 0155 19       		.uleb128 0x19
 1290 0156 34       		.uleb128 0x34
 1291 0157 00       		.byte	0
 1292 0158 03       		.uleb128 0x3
 1293 0159 0E       		.uleb128 0xe
 1294 015a 3A       		.uleb128 0x3a
 1295 015b 0B       		.uleb128 0xb
 1296 015c 3B       		.uleb128 0x3b
 1297 015d 05       		.uleb128 0x5
 1298 015e 49       		.uleb128 0x49
 1299 015f 13       		.uleb128 0x13
 1300 0160 3F       		.uleb128 0x3f
 1301 0161 19       		.uleb128 0x19
 1302 0162 3C       		.uleb128 0x3c
 1303 0163 19       		.uleb128 0x19
 1304 0164 00       		.byte	0
 1305 0165 00       		.byte	0
 1306 0166 1A       		.uleb128 0x1a
 1307 0167 34       		.uleb128 0x34
 1308 0168 00       		.byte	0
 1309 0169 03       		.uleb128 0x3
ARM GAS  C:\Users\jon\AppData\Local\Temp\cca4a8j4.s 			page 27


 1310 016a 0E       		.uleb128 0xe
 1311 016b 3A       		.uleb128 0x3a
 1312 016c 0B       		.uleb128 0xb
 1313 016d 3B       		.uleb128 0x3b
 1314 016e 0B       		.uleb128 0xb
 1315 016f 49       		.uleb128 0x49
 1316 0170 13       		.uleb128 0x13
 1317 0171 3F       		.uleb128 0x3f
 1318 0172 19       		.uleb128 0x19
 1319 0173 02       		.uleb128 0x2
 1320 0174 18       		.uleb128 0x18
 1321 0175 00       		.byte	0
 1322 0176 00       		.byte	0
 1323 0177 1B       		.uleb128 0x1b
 1324 0178 2E       		.uleb128 0x2e
 1325 0179 00       		.byte	0
 1326 017a 3F       		.uleb128 0x3f
 1327 017b 19       		.uleb128 0x19
 1328 017c 3C       		.uleb128 0x3c
 1329 017d 19       		.uleb128 0x19
 1330 017e 6E       		.uleb128 0x6e
 1331 017f 0E       		.uleb128 0xe
 1332 0180 03       		.uleb128 0x3
 1333 0181 0E       		.uleb128 0xe
 1334 0182 3A       		.uleb128 0x3a
 1335 0183 0B       		.uleb128 0xb
 1336 0184 3B       		.uleb128 0x3b
 1337 0185 05       		.uleb128 0x5
 1338 0186 00       		.byte	0
 1339 0187 00       		.byte	0
 1340 0188 1C       		.uleb128 0x1c
 1341 0189 2E       		.uleb128 0x2e
 1342 018a 00       		.byte	0
 1343 018b 3F       		.uleb128 0x3f
 1344 018c 19       		.uleb128 0x19
 1345 018d 3C       		.uleb128 0x3c
 1346 018e 19       		.uleb128 0x19
 1347 018f 6E       		.uleb128 0x6e
 1348 0190 0E       		.uleb128 0xe
 1349 0191 03       		.uleb128 0x3
 1350 0192 0E       		.uleb128 0xe
 1351 0193 3A       		.uleb128 0x3a
 1352 0194 0B       		.uleb128 0xb
 1353 0195 3B       		.uleb128 0x3b
 1354 0196 0B       		.uleb128 0xb
 1355 0197 00       		.byte	0
 1356 0198 00       		.byte	0
 1357 0199 00       		.byte	0
 1358              		.section	.debug_loc,"",%progbits
 1359              	.Ldebug_loc0:
 1360              	.LLST0:
 1361 0000 00000000 		.4byte	.LVL2
 1362 0004 1A000000 		.4byte	.LVL3
 1363 0008 0100     		.2byte	0x1
 1364 000a 50       		.byte	0x50
 1365 000b 1A000000 		.4byte	.LVL3
 1366 000f 20000000 		.4byte	.LVL5
ARM GAS  C:\Users\jon\AppData\Local\Temp\cca4a8j4.s 			page 28


 1367 0013 0400     		.2byte	0x4
 1368 0015 F3       		.byte	0xf3
 1369 0016 01       		.uleb128 0x1
 1370 0017 50       		.byte	0x50
 1371 0018 9F       		.byte	0x9f
 1372 0019 20000000 		.4byte	.LVL5
 1373 001d 2A000000 		.4byte	.LVL6
 1374 0021 0100     		.2byte	0x1
 1375 0023 50       		.byte	0x50
 1376 0024 2A000000 		.4byte	.LVL6
 1377 0028 30000000 		.4byte	.LVL8
 1378 002c 0400     		.2byte	0x4
 1379 002e F3       		.byte	0xf3
 1380 002f 01       		.uleb128 0x1
 1381 0030 50       		.byte	0x50
 1382 0031 9F       		.byte	0x9f
 1383 0032 30000000 		.4byte	.LVL8
 1384 0036 32000000 		.4byte	.LVL9
 1385 003a 0100     		.2byte	0x1
 1386 003c 50       		.byte	0x50
 1387 003d 32000000 		.4byte	.LVL9
 1388 0041 38000000 		.4byte	.LVL11
 1389 0045 0400     		.2byte	0x4
 1390 0047 F3       		.byte	0xf3
 1391 0048 01       		.uleb128 0x1
 1392 0049 50       		.byte	0x50
 1393 004a 9F       		.byte	0x9f
 1394 004b 38000000 		.4byte	.LVL11
 1395 004f 3B000000 		.4byte	.LVL12-1
 1396 0053 0100     		.2byte	0x1
 1397 0055 50       		.byte	0x50
 1398 0056 3B000000 		.4byte	.LVL12-1
 1399 005a 48000000 		.4byte	.LFE37
 1400 005e 0400     		.2byte	0x4
 1401 0060 F3       		.byte	0xf3
 1402 0061 01       		.uleb128 0x1
 1403 0062 50       		.byte	0x50
 1404 0063 9F       		.byte	0x9f
 1405 0064 00000000 		.4byte	0
 1406 0068 00000000 		.4byte	0
 1407              	.LLST1:
 1408 006c 00000000 		.4byte	.LVL2
 1409 0070 1D000000 		.4byte	.LVL4-1
 1410 0074 0100     		.2byte	0x1
 1411 0076 51       		.byte	0x51
 1412 0077 1D000000 		.4byte	.LVL4-1
 1413 007b 20000000 		.4byte	.LVL5
 1414 007f 0400     		.2byte	0x4
 1415 0081 F3       		.byte	0xf3
 1416 0082 01       		.uleb128 0x1
 1417 0083 51       		.byte	0x51
 1418 0084 9F       		.byte	0x9f
 1419 0085 20000000 		.4byte	.LVL5
 1420 0089 2D000000 		.4byte	.LVL7-1
 1421 008d 0100     		.2byte	0x1
 1422 008f 51       		.byte	0x51
 1423 0090 2D000000 		.4byte	.LVL7-1
ARM GAS  C:\Users\jon\AppData\Local\Temp\cca4a8j4.s 			page 29


 1424 0094 30000000 		.4byte	.LVL8
 1425 0098 0400     		.2byte	0x4
 1426 009a F3       		.byte	0xf3
 1427 009b 01       		.uleb128 0x1
 1428 009c 51       		.byte	0x51
 1429 009d 9F       		.byte	0x9f
 1430 009e 30000000 		.4byte	.LVL8
 1431 00a2 35000000 		.4byte	.LVL10-1
 1432 00a6 0100     		.2byte	0x1
 1433 00a8 51       		.byte	0x51
 1434 00a9 35000000 		.4byte	.LVL10-1
 1435 00ad 38000000 		.4byte	.LVL11
 1436 00b1 0400     		.2byte	0x4
 1437 00b3 F3       		.byte	0xf3
 1438 00b4 01       		.uleb128 0x1
 1439 00b5 51       		.byte	0x51
 1440 00b6 9F       		.byte	0x9f
 1441 00b7 38000000 		.4byte	.LVL11
 1442 00bb 3B000000 		.4byte	.LVL12-1
 1443 00bf 0100     		.2byte	0x1
 1444 00c1 51       		.byte	0x51
 1445 00c2 3B000000 		.4byte	.LVL12-1
 1446 00c6 48000000 		.4byte	.LFE37
 1447 00ca 0400     		.2byte	0x4
 1448 00cc F3       		.byte	0xf3
 1449 00cd 01       		.uleb128 0x1
 1450 00ce 51       		.byte	0x51
 1451 00cf 9F       		.byte	0x9f
 1452 00d0 00000000 		.4byte	0
 1453 00d4 00000000 		.4byte	0
 1454              		.section	.debug_aranges,"",%progbits
 1455 0000 34000000 		.4byte	0x34
 1456 0004 0200     		.2byte	0x2
 1457 0006 00000000 		.4byte	.Ldebug_info0
 1458 000a 04       		.byte	0x4
 1459 000b 00       		.byte	0
 1460 000c 0000     		.2byte	0
 1461 000e 0000     		.2byte	0
 1462 0010 00000000 		.4byte	.LFB36
 1463 0014 34000000 		.4byte	.LFE36-.LFB36
 1464 0018 00000000 		.4byte	.LFB37
 1465 001c 48000000 		.4byte	.LFE37-.LFB37
 1466 0020 00000000 		.4byte	.LFB38
 1467 0024 24000000 		.4byte	.LFE38-.LFB38
 1468 0028 00000000 		.4byte	.LFB39
 1469 002c 30000000 		.4byte	.LFE39-.LFB39
 1470 0030 00000000 		.4byte	0
 1471 0034 00000000 		.4byte	0
 1472              		.section	.debug_ranges,"",%progbits
 1473              	.Ldebug_ranges0:
 1474 0000 00000000 		.4byte	.LFB36
 1475 0004 34000000 		.4byte	.LFE36
 1476 0008 00000000 		.4byte	.LFB37
 1477 000c 48000000 		.4byte	.LFE37
 1478 0010 00000000 		.4byte	.LFB38
 1479 0014 24000000 		.4byte	.LFE38
 1480 0018 00000000 		.4byte	.LFB39
ARM GAS  C:\Users\jon\AppData\Local\Temp\cca4a8j4.s 			page 30


 1481 001c 30000000 		.4byte	.LFE39
 1482 0020 00000000 		.4byte	0
 1483 0024 00000000 		.4byte	0
 1484              		.section	.debug_line,"",%progbits
 1485              	.Ldebug_line0:
 1486 0000 4A010000 		.section	.debug_str,"MS",%progbits,1
 1486      0200D100 
 1486      00000201 
 1486      FB0E0D00 
 1486      01010101 
 1487              	.LASF81:
 1488 0000 4359424C 		.ascii	"CYBLE_EVT_L2CAP_CBFC_RX_CREDIT_IND\000"
 1488      455F4556 
 1488      545F4C32 
 1488      4341505F 
 1488      43424643 
 1489              	.LASF22:
 1490 0023 4359424C 		.ascii	"CYBLE_EVT_STACK_BUSY_STATUS\000"
 1490      455F4556 
 1490      545F5354 
 1490      41434B5F 
 1490      42555359 
 1491              	.LASF98:
 1492 003f 4359424C 		.ascii	"CYBLE_STATE_STOPPED\000"
 1492      455F5354 
 1492      4154455F 
 1492      53544F50 
 1492      50454400 
 1493              	.LASF80:
 1494 0053 4359424C 		.ascii	"CYBLE_EVT_L2CAP_CBFC_DATA_READ\000"
 1494      455F4556 
 1494      545F4C32 
 1494      4341505F 
 1494      43424643 
 1495              	.LASF92:
 1496 0072 4359424C 		.ascii	"CYBLE_CONN_HANDLE_T\000"
 1496      455F434F 
 1496      4E4E5F48 
 1496      414E444C 
 1496      455F5400 
 1497              	.LASF34:
 1498 0086 4359424C 		.ascii	"CYBLE_EVT_GAP_CONNECTION_UPDATE_COMPLETE\000"
 1498      455F4556 
 1498      545F4741 
 1498      505F434F 
 1498      4E4E4543 
 1499              	.LASF79:
 1500 00af 4359424C 		.ascii	"CYBLE_EVT_L2CAP_CBFC_DISCONN_CNF\000"
 1500      455F4556 
 1500      545F4C32 
 1500      4341505F 
 1500      43424643 
 1501              	.LASF39:
 1502 00d0 4359424C 		.ascii	"CYBLE_EVT_GAP_OOB_GENERATED_NOTIFICATION\000"
 1502      455F4556 
 1502      545F4741 
 1502      505F4F4F 
ARM GAS  C:\Users\jon\AppData\Local\Temp\cca4a8j4.s 			page 31


 1502      425F4745 
 1503              	.LASF59:
 1504 00f9 4359424C 		.ascii	"CYBLE_EVT_GATTC_READ_MULTI_RSP\000"
 1504      455F4556 
 1504      545F4741 
 1504      5454435F 
 1504      52454144 
 1505              	.LASF64:
 1506 0118 4359424C 		.ascii	"CYBLE_EVT_GATTS_EXEC_WRITE_REQ\000"
 1506      455F4556 
 1506      545F4741 
 1506      5454535F 
 1506      45584543 
 1507              	.LASF19:
 1508 0137 4359424C 		.ascii	"CYBLE_EVT_TIMEOUT\000"
 1508      455F4556 
 1508      545F5449 
 1508      4D454F55 
 1508      5400
 1509              	.LASF4:
 1510 0149 6C6F6E67 		.ascii	"long int\000"
 1510      20696E74 
 1510      00
 1511              	.LASF124:
 1512 0152 474E5520 		.ascii	"GNU C11 5.4.1 20160609 (release) [ARM/embedded-5-br"
 1512      43313120 
 1512      352E342E 
 1512      31203230 
 1512      31363036 
 1513 0185 616E6368 		.ascii	"anch revision 237715] -mcpu=cortex-m0 -mthumb -g -O"
 1513      20726576 
 1513      6973696F 
 1513      6E203233 
 1513      37373135 
 1514 01b8 67202D66 		.ascii	"g -ffunction-sections -ffat-lto-objects\000"
 1514      66756E63 
 1514      74696F6E 
 1514      2D736563 
 1514      74696F6E 
 1515              	.LASF7:
 1516 01e0 6C6F6E67 		.ascii	"long long unsigned int\000"
 1516      206C6F6E 
 1516      6720756E 
 1516      7369676E 
 1516      65642069 
 1517              	.LASF94:
 1518 01f7 4359424C 		.ascii	"CYBLE_GATT_VALUE_T\000"
 1518      455F4741 
 1518      54545F56 
 1518      414C5545 
 1518      5F5400
 1519              	.LASF21:
 1520 020a 4359424C 		.ascii	"CYBLE_EVT_HCI_STATUS\000"
 1520      455F4556 
 1520      545F4843 
 1520      495F5354 
 1520      41545553 
ARM GAS  C:\Users\jon\AppData\Local\Temp\cca4a8j4.s 			page 32


 1521              	.LASF42:
 1522 021f 4359424C 		.ascii	"CYBLE_EVT_GAPC_DIRECT_ADV_REPORT\000"
 1522      455F4556 
 1522      545F4741 
 1522      50435F44 
 1522      49524543 
 1523              	.LASF84:
 1524 0240 4359424C 		.ascii	"CYBLE_EVT_PENDING_FLASH_WRITE\000"
 1524      455F4556 
 1524      545F5045 
 1524      4E44494E 
 1524      475F464C 
 1525              	.LASF73:
 1526 025e 4359424C 		.ascii	"CYBLE_EVT_L2CAP_CONN_PARAM_UPDATE_REQ\000"
 1526      455F4556 
 1526      545F4C32 
 1526      4341505F 
 1526      434F4E4E 
 1527              	.LASF33:
 1528 0284 4359424C 		.ascii	"CYBLE_EVT_GAP_ENCRYPT_CHANGE\000"
 1528      455F4556 
 1528      545F4741 
 1528      505F454E 
 1528      43525950 
 1529              	.LASF37:
 1530 02a1 4359424C 		.ascii	"CYBLE_EVT_GAP_NUMERIC_COMPARISON_REQUEST\000"
 1530      455F4556 
 1530      545F4741 
 1530      505F4E55 
 1530      4D455249 
 1531              	.LASF101:
 1532 02ca 4359424C 		.ascii	"CYBLE_STATE_ADVERTISING\000"
 1532      455F5354 
 1532      4154455F 
 1532      41445645 
 1532      52544953 
 1533              	.LASF6:
 1534 02e2 6C6F6E67 		.ascii	"long long int\000"
 1534      206C6F6E 
 1534      6720696E 
 1534      7400
 1535              	.LASF0:
 1536 02f0 7369676E 		.ascii	"signed char\000"
 1536      65642063 
 1536      68617200 
 1537              	.LASF18:
 1538 02fc 4359424C 		.ascii	"CYBLE_EVT_STACK_ON\000"
 1538      455F4556 
 1538      545F5354 
 1538      41434B5F 
 1538      4F4E00
 1539              	.LASF35:
 1540 030f 4359424C 		.ascii	"CYBLE_EVT_GAPC_SCAN_START_STOP\000"
 1540      455F4556 
 1540      545F4741 
 1540      50435F53 
 1540      43414E5F 
ARM GAS  C:\Users\jon\AppData\Local\Temp\cca4a8j4.s 			page 33


 1541              	.LASF93:
 1542 032e 61637475 		.ascii	"actualLen\000"
 1542      616C4C65 
 1542      6E00
 1543              	.LASF25:
 1544 0338 4359424C 		.ascii	"CYBLE_EVT_GAP_AUTH_REQ\000"
 1544      455F4556 
 1544      545F4741 
 1544      505F4155 
 1544      54485F52 
 1545              	.LASF57:
 1546 034f 4359424C 		.ascii	"CYBLE_EVT_GATTC_READ_RSP\000"
 1546      455F4556 
 1546      545F4741 
 1546      5454435F 
 1546      52454144 
 1547              	.LASF62:
 1548 0368 4359424C 		.ascii	"CYBLE_EVT_GATTS_WRITE_CMD_REQ\000"
 1548      455F4556 
 1548      545F4741 
 1548      5454535F 
 1548      57524954 
 1549              	.LASF102:
 1550 0386 4359424C 		.ascii	"CYBLE_STATE_DISCONNECTED\000"
 1550      455F5354 
 1550      4154455F 
 1550      44495343 
 1550      4F4E4E45 
 1551              	.LASF30:
 1552 039f 4359424C 		.ascii	"CYBLE_EVT_GAPP_ADVERTISEMENT_START_STOP\000"
 1552      455F4556 
 1552      545F4741 
 1552      50505F41 
 1552      44564552 
 1553              	.LASF9:
 1554 03c7 75696E74 		.ascii	"uint8\000"
 1554      3800
 1555              	.LASF65:
 1556 03cd 4359424C 		.ascii	"CYBLE_EVT_GATTC_EXEC_WRITE_RSP\000"
 1556      455F4556 
 1556      545F4741 
 1556      5454435F 
 1556      45584543 
 1557              	.LASF13:
 1558 03ec 646F7562 		.ascii	"double\000"
 1558      6C6500
 1559              	.LASF78:
 1560 03f3 4359424C 		.ascii	"CYBLE_EVT_L2CAP_CBFC_DISCONN_IND\000"
 1560      455F4556 
 1560      545F4C32 
 1560      4341505F 
 1560      43424643 
 1561              	.LASF11:
 1562 0414 75696E74 		.ascii	"uint32\000"
 1562      333200
 1563              	.LASF105:
 1564 041b 62797465 		.ascii	"bytes\000"
ARM GAS  C:\Users\jon\AppData\Local\Temp\cca4a8j4.s 			page 34


 1564      7300
 1565              	.LASF88:
 1566 0421 4359424C 		.ascii	"CYBLE_EVT_MAX\000"
 1566      455F4556 
 1566      545F4D41 
 1566      5800
 1567              	.LASF83:
 1568 042f 4359424C 		.ascii	"CYBLE_EVT_L2CAP_CBFC_DATA_WRITE_IND\000"
 1568      455F4556 
 1568      545F4C32 
 1568      4341505F 
 1568      43424643 
 1569              	.LASF96:
 1570 0453 61747472 		.ascii	"attrHandle\000"
 1570      48616E64 
 1570      6C6500
 1571              	.LASF95:
 1572 045e 76616C75 		.ascii	"value\000"
 1572      6500
 1573              	.LASF116:
 1574 0464 4379426C 		.ascii	"CyBle_GattsWriteAttributeValue\000"
 1574      655F4761 
 1574      74747357 
 1574      72697465 
 1574      41747472 
 1575              	.LASF70:
 1576 0483 4359424C 		.ascii	"CYBLE_EVT_GATTC_STOP_CMD_COMPLETE\000"
 1576      455F4556 
 1576      545F4741 
 1576      5454435F 
 1576      53544F50 
 1577              	.LASF8:
 1578 04a5 756E7369 		.ascii	"unsigned int\000"
 1578      676E6564 
 1578      20696E74 
 1578      00
 1579              	.LASF85:
 1580 04b2 4359424C 		.ascii	"CYBLE_EVT_LE_PING_AUTH_TIMEOUT\000"
 1580      455F4556 
 1580      545F4C45 
 1580      5F50494E 
 1580      475F4155 
 1581              	.LASF5:
 1582 04d1 6C6F6E67 		.ascii	"long unsigned int\000"
 1582      20756E73 
 1582      69676E65 
 1582      6420696E 
 1582      7400
 1583              	.LASF44:
 1584 04e3 4359424C 		.ascii	"CYBLE_EVT_GAP_CONN_ESTB\000"
 1584      455F4556 
 1584      545F4741 
 1584      505F434F 
 1584      4E4E5F45 
 1585              	.LASF60:
 1586 04fb 4359424C 		.ascii	"CYBLE_EVT_GATTS_WRITE_REQ\000"
 1586      455F4556 
ARM GAS  C:\Users\jon\AppData\Local\Temp\cca4a8j4.s 			page 35


 1586      545F4741 
 1586      5454535F 
 1586      57524954 
 1587              	.LASF52:
 1588 0515 4359424C 		.ascii	"CYBLE_EVT_GATTC_XCHNG_MTU_RSP\000"
 1588      455F4556 
 1588      545F4741 
 1588      5454435F 
 1588      5843484E 
 1589              	.LASF69:
 1590 0533 4359424C 		.ascii	"CYBLE_EVT_GATTS_DATA_SIGNED_CMD_REQ\000"
 1590      455F4556 
 1590      545F4741 
 1590      5454535F 
 1590      44415441 
 1591              	.LASF72:
 1592 0557 4359424C 		.ascii	"CYBLE_EVT_GATTC_LONG_PROCEDURE_END\000"
 1592      455F4556 
 1592      545F4741 
 1592      5454435F 
 1592      4C4F4E47 
 1593              	.LASF128:
 1594 057a 75706461 		.ascii	"updateGATTDB\000"
 1594      74654741 
 1594      54544442 
 1594      00
 1595              	.LASF108:
 1596 0587 6576656E 		.ascii	"event\000"
 1596      7400
 1597              	.LASF3:
 1598 058d 73686F72 		.ascii	"short unsigned int\000"
 1598      7420756E 
 1598      7369676E 
 1598      65642069 
 1598      6E7400
 1599              	.LASF17:
 1600 05a0 4359424C 		.ascii	"CYBLE_EVT_HOST_INVALID\000"
 1600      455F4556 
 1600      545F484F 
 1600      53545F49 
 1600      4E56414C 
 1601              	.LASF55:
 1602 05b7 4359424C 		.ascii	"CYBLE_EVT_GATTC_FIND_INFO_RSP\000"
 1602      455F4556 
 1602      545F4741 
 1602      5454435F 
 1602      46494E44 
 1603              	.LASF23:
 1604 05d5 4359424C 		.ascii	"CYBLE_EVT_MEMORY_REQUEST\000"
 1604      455F4556 
 1604      545F4D45 
 1604      4D4F5259 
 1604      5F524551 
 1605              	.LASF26:
 1606 05ee 4359424C 		.ascii	"CYBLE_EVT_GAP_PASSKEY_ENTRY_REQUEST\000"
 1606      455F4556 
 1606      545F4741 
ARM GAS  C:\Users\jon\AppData\Local\Temp\cca4a8j4.s 			page 36


 1606      505F5041 
 1606      53534B45 
 1607              	.LASF31:
 1608 0612 4359424C 		.ascii	"CYBLE_EVT_GAP_DEVICE_CONNECTED\000"
 1608      455F4556 
 1608      545F4741 
 1608      505F4445 
 1608      56494345 
 1609              	.LASF125:
 1610 0631 6D61696E 		.ascii	"main.c\000"
 1610      2E6300
 1611              	.LASF46:
 1612 0638 4359424C 		.ascii	"CYBLE_EVT_GAP_AUTH_REQ_REPLY_ERR\000"
 1612      455F4556 
 1612      545F4741 
 1612      505F4155 
 1612      54485F52 
 1613              	.LASF119:
 1614 0659 4379426C 		.ascii	"CyBle_Start\000"
 1614      655F5374 
 1614      61727400 
 1615              	.LASF112:
 1616 0665 6379426C 		.ascii	"cyBle_state\000"
 1616      655F7374 
 1616      61746500 
 1617              	.LASF27:
 1618 0671 4359424C 		.ascii	"CYBLE_EVT_GAP_PASSKEY_DISPLAY_REQUEST\000"
 1618      455F4556 
 1618      545F4741 
 1618      505F5041 
 1618      53534B45 
 1619              	.LASF49:
 1620 0697 4359424C 		.ascii	"CYBLE_EVT_GATT_CONNECT_IND\000"
 1620      455F4556 
 1620      545F4741 
 1620      54545F43 
 1620      4F4E4E45 
 1621              	.LASF75:
 1622 06b2 4359424C 		.ascii	"CYBLE_EVT_L2CAP_COMMAND_REJ\000"
 1622      455F4556 
 1622      545F4C32 
 1622      4341505F 
 1622      434F4D4D 
 1623              	.LASF24:
 1624 06ce 4359424C 		.ascii	"CYBLE_EVT_GAPC_SCAN_PROGRESS_RESULT\000"
 1624      455F4556 
 1624      545F4741 
 1624      50435F53 
 1624      43414E5F 
 1625              	.LASF91:
 1626 06f2 61747449 		.ascii	"attId\000"
 1626      6400
 1627              	.LASF47:
 1628 06f8 4359424C 		.ascii	"CYBLE_EVT_GAP_SMP_LOC_P256_KEYS_GEN_AND_SET_COMPLET"
 1628      455F4556 
 1628      545F4741 
 1628      505F534D 
ARM GAS  C:\Users\jon\AppData\Local\Temp\cca4a8j4.s 			page 37


 1628      505F4C4F 
 1629 072b 4500     		.ascii	"E\000"
 1630              	.LASF76:
 1631 072d 4359424C 		.ascii	"CYBLE_EVT_L2CAP_CBFC_CONN_IND\000"
 1631      455F4556 
 1631      545F4C32 
 1631      4341505F 
 1631      43424643 
 1632              	.LASF54:
 1633 074b 4359424C 		.ascii	"CYBLE_EVT_GATTC_READ_BY_TYPE_RSP\000"
 1633      455F4556 
 1633      545F4741 
 1633      5454435F 
 1633      52454144 
 1634              	.LASF16:
 1635 076c 73697A65 		.ascii	"sizetype\000"
 1635      74797065 
 1635      00
 1636              	.LASF99:
 1637 0775 4359424C 		.ascii	"CYBLE_STATE_INITIALIZING\000"
 1637      455F5354 
 1637      4154455F 
 1637      494E4954 
 1637      49414C49 
 1638              	.LASF29:
 1639 078e 4359424C 		.ascii	"CYBLE_EVT_GAP_AUTH_FAILED\000"
 1639      455F4556 
 1639      545F4741 
 1639      505F4155 
 1639      54485F46 
 1640              	.LASF113:
 1641 07a8 6379426C 		.ascii	"cyBle_connHandle\000"
 1641      655F636F 
 1641      6E6E4861 
 1641      6E646C65 
 1641      00
 1642              	.LASF61:
 1643 07b9 4359424C 		.ascii	"CYBLE_EVT_GATTC_WRITE_RSP\000"
 1643      455F4556 
 1643      545F4741 
 1643      5454435F 
 1643      57524954 
 1644              	.LASF122:
 1645 07d3 50696E5F 		.ascii	"Pin_Red_Write\000"
 1645      5265645F 
 1645      57726974 
 1645      6500
 1646              	.LASF40:
 1647 07e1 4359424C 		.ascii	"CYBLE_EVT_GAP_DATA_LENGTH_CHANGE\000"
 1647      455F4556 
 1647      545F4741 
 1647      505F4441 
 1647      54415F4C 
 1648              	.LASF45:
 1649 0802 4359424C 		.ascii	"CYBLE_EVT_GAP_SCAN_REQ_RECVD\000"
 1649      455F4556 
 1649      545F4741 
ARM GAS  C:\Users\jon\AppData\Local\Temp\cca4a8j4.s 			page 38


 1649      505F5343 
 1649      414E5F52 
 1650              	.LASF115:
 1651 081f 4379426C 		.ascii	"CyBle_ProcessEvents\000"
 1651      655F5072 
 1651      6F636573 
 1651      73457665 
 1651      6E747300 
 1652              	.LASF28:
 1653 0833 4359424C 		.ascii	"CYBLE_EVT_GAP_AUTH_COMPLETE\000"
 1653      455F4556 
 1653      545F4741 
 1653      505F4155 
 1653      54485F43 
 1654              	.LASF106:
 1655 084f 5472616E 		.ascii	"TransmitDataHandle\000"
 1655      736D6974 
 1655      44617461 
 1655      48616E64 
 1655      6C6500
 1656              	.LASF66:
 1657 0862 4359424C 		.ascii	"CYBLE_EVT_GATTC_HANDLE_VALUE_NTF\000"
 1657      455F4556 
 1657      545F4741 
 1657      5454435F 
 1657      48414E44 
 1658              	.LASF97:
 1659 0883 4359424C 		.ascii	"CYBLE_GATT_HANDLE_VALUE_PAIR_T\000"
 1659      455F4741 
 1659      54545F48 
 1659      414E444C 
 1659      455F5641 
 1660              	.LASF77:
 1661 08a2 4359424C 		.ascii	"CYBLE_EVT_L2CAP_CBFC_CONN_CNF\000"
 1661      455F4556 
 1661      545F4C32 
 1661      4341505F 
 1661      43424643 
 1662              	.LASF53:
 1663 08c0 4359424C 		.ascii	"CYBLE_EVT_GATTC_READ_BY_GROUP_TYPE_RSP\000"
 1663      455F4556 
 1663      545F4741 
 1663      5454435F 
 1663      52454144 
 1664              	.LASF12:
 1665 08e7 666C6F61 		.ascii	"float\000"
 1665      7400
 1666              	.LASF117:
 1667 08ed 4379426C 		.ascii	"CyBle_GappStartAdvertisement\000"
 1667      655F4761 
 1667      70705374 
 1667      61727441 
 1667      64766572 
 1668              	.LASF1:
 1669 090a 756E7369 		.ascii	"unsigned char\000"
 1669      676E6564 
 1669      20636861 
ARM GAS  C:\Users\jon\AppData\Local\Temp\cca4a8j4.s 			page 39


 1669      7200
 1670              	.LASF10:
 1671 0918 75696E74 		.ascii	"uint16\000"
 1671      313600
 1672              	.LASF38:
 1673 091f 4359424C 		.ascii	"CYBLE_EVT_GAP_KEYPRESS_NOTIFICATION\000"
 1673      455F4556 
 1673      545F4741 
 1673      505F4B45 
 1673      59505245 
 1674              	.LASF111:
 1675 0943 496E6974 		.ascii	"InitializeSystem\000"
 1675      69616C69 
 1675      7A655379 
 1675      7374656D 
 1675      00
 1676              	.LASF2:
 1677 0954 73686F72 		.ascii	"short int\000"
 1677      7420696E 
 1677      7400
 1678              	.LASF67:
 1679 095e 4359424C 		.ascii	"CYBLE_EVT_GATTC_HANDLE_VALUE_IND\000"
 1679      455F4556 
 1679      545F4741 
 1679      5454435F 
 1679      48414E44 
 1680              	.LASF126:
 1681 097f 433A5C55 		.ascii	"C:\\Users\\jon\\Documents\\Alia\\PSoC-4-BLE-Button-"
 1681      73657273 
 1681      5C6A6F6E 
 1681      5C446F63 
 1681      756D656E 
 1682 09ad 44656D6F 		.ascii	"Demo\\Server.cydsn\000"
 1682      5C536572 
 1682      7665722E 
 1682      63796473 
 1682      6E00
 1683              	.LASF86:
 1684 09bf 4359424C 		.ascii	"CYBLE_EVT_HCI_PKT\000"
 1684      455F4556 
 1684      545F4843 
 1684      495F504B 
 1684      5400
 1685              	.LASF104:
 1686 09d1 76616C75 		.ascii	"values\000"
 1686      657300
 1687              	.LASF63:
 1688 09d8 4359424C 		.ascii	"CYBLE_EVT_GATTS_PREP_WRITE_REQ\000"
 1688      455F4556 
 1688      545F4741 
 1688      5454535F 
 1688      50524550 
 1689              	.LASF68:
 1690 09f7 4359424C 		.ascii	"CYBLE_EVT_GATTS_HANDLE_VALUE_CNF\000"
 1690      455F4556 
 1690      545F4741 
 1690      5454535F 
ARM GAS  C:\Users\jon\AppData\Local\Temp\cca4a8j4.s 			page 40


 1690      48414E44 
 1691              	.LASF48:
 1692 0a18 4359424C 		.ascii	"CYBLE_EVT_GATTC_ERROR_RSP\000"
 1692      455F4556 
 1692      545F4741 
 1692      5454435F 
 1692      4552524F 
 1693              	.LASF43:
 1694 0a32 4359424C 		.ascii	"CYBLE_EVT_GAP_SMP_NEGOTIATED_AUTH_INFO\000"
 1694      455F4556 
 1694      545F4741 
 1694      505F534D 
 1694      505F4E45 
 1695              	.LASF15:
 1696 0a59 6C6F6E67 		.ascii	"long double\000"
 1696      20646F75 
 1696      626C6500 
 1697              	.LASF87:
 1698 0a65 4359424C 		.ascii	"CYBLE_EVT_FLASH_CORRUPT\000"
 1698      455F4556 
 1698      545F464C 
 1698      4153485F 
 1698      434F5252 
 1699              	.LASF14:
 1700 0a7d 63686172 		.ascii	"char\000"
 1700      00
 1701              	.LASF32:
 1702 0a82 4359424C 		.ascii	"CYBLE_EVT_GAP_DEVICE_DISCONNECTED\000"
 1702      455F4556 
 1702      545F4741 
 1702      505F4445 
 1702      56494345 
 1703              	.LASF71:
 1704 0aa4 4359424C 		.ascii	"CYBLE_EVT_GATTS_READ_CHAR_VAL_ACCESS_REQ\000"
 1704      455F4556 
 1704      545F4741 
 1704      5454535F 
 1704      52454144 
 1705              	.LASF110:
 1706 0acd 426C7565 		.ascii	"BluetoothEventHandler\000"
 1706      746F6F74 
 1706      68457665 
 1706      6E744861 
 1706      6E646C65 
 1707              	.LASF82:
 1708 0ae3 4359424C 		.ascii	"CYBLE_EVT_L2CAP_CBFC_TX_CREDIT_IND\000"
 1708      455F4556 
 1708      545F4C32 
 1708      4341505F 
 1708      43424643 
 1709              	.LASF20:
 1710 0b06 4359424C 		.ascii	"CYBLE_EVT_HARDWARE_ERROR\000"
 1710      455F4556 
 1710      545F4841 
 1710      52445741 
 1710      52455F45 
 1711              	.LASF120:
ARM GAS  C:\Users\jon\AppData\Local\Temp\cca4a8j4.s 			page 41


 1712 0b1f 53776974 		.ascii	"Switch_2_Read\000"
 1712      63685F32 
 1712      5F526561 
 1712      6400
 1713              	.LASF127:
 1714 0b2d 53657276 		.ascii	"ServerBytes\000"
 1714      65724279 
 1714      74657300 
 1715              	.LASF123:
 1716 0b39 43794465 		.ascii	"CyDelay\000"
 1716      6C617900 
 1717              	.LASF118:
 1718 0b41 43795379 		.ascii	"CySysPmUnfreezeIo\000"
 1718      73506D55 
 1718      6E667265 
 1718      657A6549 
 1718      6F00
 1719              	.LASF51:
 1720 0b53 4359424C 		.ascii	"CYBLE_EVT_GATTS_XCNHG_MTU_REQ\000"
 1720      455F4556 
 1720      545F4741 
 1720      5454535F 
 1720      58434E48 
 1721              	.LASF109:
 1722 0b71 6576656E 		.ascii	"eventParam\000"
 1722      74506172 
 1722      616D00
 1723              	.LASF103:
 1724 0b7c 4359424C 		.ascii	"CYBLE_STATE_T\000"
 1724      455F5354 
 1724      4154455F 
 1724      5400
 1725              	.LASF121:
 1726 0b8a 50696E5F 		.ascii	"Pin_Red_Read\000"
 1726      5265645F 
 1726      52656164 
 1726      00
 1727              	.LASF58:
 1728 0b97 4359424C 		.ascii	"CYBLE_EVT_GATTC_READ_BLOB_RSP\000"
 1728      455F4556 
 1728      545F4741 
 1728      5454435F 
 1728      52454144 
 1729              	.LASF107:
 1730 0bb5 44617461 		.ascii	"Data\000"
 1730      00
 1731              	.LASF114:
 1732 0bba 62757474 		.ascii	"button_state\000"
 1732      6F6E5F73 
 1732      74617465 
 1732      00
 1733              	.LASF100:
 1734 0bc7 4359424C 		.ascii	"CYBLE_STATE_CONNECTED\000"
 1734      455F5354 
 1734      4154455F 
 1734      434F4E4E 
 1734      45435445 
ARM GAS  C:\Users\jon\AppData\Local\Temp\cca4a8j4.s 			page 42


 1735              	.LASF56:
 1736 0bdd 4359424C 		.ascii	"CYBLE_EVT_GATTC_FIND_BY_TYPE_VALUE_RSP\000"
 1736      455F4556 
 1736      545F4741 
 1736      5454435F 
 1736      46494E44 
 1737              	.LASF36:
 1738 0c04 4359424C 		.ascii	"CYBLE_EVT_GAP_KEYINFO_EXCHNGE_CMPLT\000"
 1738      455F4556 
 1738      545F4741 
 1738      505F4B45 
 1738      59494E46 
 1739              	.LASF90:
 1740 0c28 62644861 		.ascii	"bdHandle\000"
 1740      6E646C65 
 1740      00
 1741              	.LASF74:
 1742 0c31 4359424C 		.ascii	"CYBLE_EVT_L2CAP_CONN_PARAM_UPDATE_RSP\000"
 1742      455F4556 
 1742      545F4C32 
 1742      4341505F 
 1742      434F4E4E 
 1743              	.LASF129:
 1744 0c57 6D61696E 		.ascii	"main\000"
 1744      00
 1745              	.LASF41:
 1746 0c5c 4359424C 		.ascii	"CYBLE_EVT_GAP_ENHANCE_CONN_COMPLETE\000"
 1746      455F4556 
 1746      545F4741 
 1746      505F454E 
 1746      48414E43 
 1747              	.LASF89:
 1748 0c80 4359424C 		.ascii	"CYBLE_GATT_DB_ATTR_HANDLE_T\000"
 1748      455F4741 
 1748      54545F44 
 1748      425F4154 
 1748      54525F48 
 1749              	.LASF50:
 1750 0c9c 4359424C 		.ascii	"CYBLE_EVT_GATT_DISCONNECT_IND\000"
 1750      455F4556 
 1750      545F4741 
 1750      54545F44 
 1750      4953434F 
 1751              		.ident	"GCC: (GNU Tools for ARM Embedded Processors) 5.4.1 20160609 (release) [ARM/embedded-5-bran
